BAMM 2.5.0 (2015-11-01)
Copyright (C) 2012-2014 Daniel Rabosky
BAMM is distributed under the GNU General Public License.
See http://bamm-project.org for more information.

Random seed: 1688747504

Model type: Speciation/Extinction

Reading tree from file <../../pinniped_median_noanc.tre>.
Tree contains 100 taxa.

Initial log-likelihood: -3384.29

Reading tree from file <../../pinniped_median_noanc.tre>.
Tree contains 100 taxa.

Initial log-likelihood: -3384.29

Reading tree from file <../../pinniped_median_noanc.tre>.
Tree contains 100 taxa.

Initial log-likelihood: -3384.29

Reading tree from file <../../pinniped_median_noanc.tre>.
Tree contains 100 taxa.

Initial log-likelihood: -3384.29

Running 4 chains for 20000000 generations.

  generation    N_shifts    logPrior      logLik   eventRate  acceptRate
           0           0      5.6138    -3384.29        0.01           0
      100000           0     5.62237    -793.856  0.00331598        0.19
      200000           0     5.94366    -796.147  0.00198943       0.207
      300000           0     5.66206    -794.545  0.00308286       0.251
      400000           0     5.21029    -795.115  0.00828044       0.247
      500000           0     4.82828     -794.24    0.010175       0.224
      600000           0     5.42464    -796.395 0.000207978       0.229
      700000           1     2.75302    -788.856   0.0295792       0.221
      800000           0     4.99971    -793.878   0.0068058       0.193
      900000           0     4.04253    -794.851   0.0144173        0.17
     1000000           1     2.51021    -787.384   0.0194936      0.2345
     1100000           0     4.91619     -795.76   0.0116705    0.222538
     1200000           0     5.34529    -796.228  0.00705834       0.209
     1300000           0     6.10366    -794.624 0.000635301       0.207
     1400000           0     5.48249    -798.275   0.0056985       0.183
     1500000           0     5.71011    -796.056  0.00327649    0.196833
     1600000           0     5.18845    -794.205  0.00261574        0.18
     1700000           0     5.53803     -796.13  0.00372299      0.2081
     1800000           0     5.74318    -793.886  0.00319865       0.214
     1900000           1      4.9689    -787.802   0.0117609    0.285667
     2000000           0     6.02783    -794.538  0.00112757     0.19025
     2100000           0     3.55093     -796.39    0.021537       0.194
     2200000           0     5.78587    -794.477  0.00127034       0.198
     2300000           0     5.52598    -796.193  0.00167524      0.2275
     2400000           0     4.33725    -793.883   0.0139834    0.209333
     2500000           0     5.40401    -793.792  0.00355192       0.189
     2600000           0     4.48116    -798.538   0.0171605    0.237467
     2700000           0      5.8032     -794.03 0.000759234       0.191
     2800000           1     5.09257    -790.711    0.021224       0.238
     2900000           0     4.44724    -793.658   0.0153234       0.192
     3000000           0     4.77327    -794.779   0.0138979       0.215
     3100000           0     2.29743    -794.675   0.0358375       0.191
     3200000           0     5.22158    -794.798  0.00536109       0.214
     3300000           0     5.10574    -794.396  0.00595176       0.208
     3400000           2     4.77927    -782.088   0.0094784    0.225833
     3500000           0     4.35864    -797.333   0.0145049        0.22
     3600000           0     5.23388    -797.492   0.0101208    0.212857
     3700000           0     1.55204    -794.858   0.0408679     0.19575
     3800000           1     7.04643    -791.006  0.00500004      0.1965
     3900000           0     5.41825    -794.375  0.00588931       0.201
     4000000           0     5.76405    -794.796 0.000807621      0.2205
     4100000           0     5.25376    -795.374  0.00718281       0.193
     4200000           0     4.60542    -798.009   0.0161833     0.20975
     4300000           0     6.27065    -796.663 0.000159742       0.189
     4400000           0     5.70199    -795.666  0.00435135    0.187667
     4500000           1     5.79606    -789.376  0.00259459       0.263
     4600000           1     2.45058    -787.628   0.0377188       0.262
     4700000           0     5.93266    -795.018 0.000229678    0.208222
     4800000           0     2.92803    -793.878   0.0307171       0.194
     4900000           0     5.82846     -794.09  0.00333096       0.191
     5000000           0     5.11121    -794.482  0.00940338      0.1905
     5100000           0     3.41835    -796.045   0.0278752       0.211
     5200000           0     5.54972    -794.356  0.00465291       0.197
     5300000           0     5.19756     -796.09  0.00966341       0.186
     5400000           0     2.49948    -795.109   0.0285215       0.335
     5500000           0     5.07708    -797.922  0.00803065       0.198
     5600000           0     4.68248    -794.739   0.0136265    0.200667
     5700000           0     5.25448    -793.681  0.00648014     0.28325
     5800000           1     2.81882    -788.258   0.0394452        0.34
     5900000           0     5.70798    -796.471  0.00309004      0.1815
     6000000           0     4.53753    -794.455   0.0116142       0.202
     6100000           0     5.61272    -796.031  0.00149636      0.2145
     6200000           0     4.50042    -795.709   0.0167511         0.2
     6300000           0   -0.461147    -794.777   0.0599319         0.2
     6400000           0     5.90295    -796.081 0.000800399       0.203
     6500000           1     5.27887    -789.265  0.00497993       0.207
     6600000           0     5.72117    -794.088  0.00284258       0.194
     6700000           0     4.98169    -794.006   0.0110626       0.202
     6800000           1      3.8114    -787.781   0.0133769       0.221
     6900000           0     4.91952    -795.436   0.0099615       0.238
     7000000           0     4.08396    -796.946    0.020859     0.21281
     7100000           1     4.69463     -790.59  0.00476931    0.233286
     7200000           0      5.1334    -794.953   0.0107677    0.227222
     7300000           0     5.46822    -794.714  0.00359629       0.207
     7400000           0       5.574    -794.114  0.00169638        0.19
     7500000           1     2.25448    -790.593   0.0226067    0.200857
     7600000           0     4.17074    -795.847   0.0137015       0.188
     7700000           0     5.85733     -795.09  0.00174204    0.225053
     7800000           0     5.57946    -794.645  0.00472144      0.1958
     7900000           0     4.82938    -794.348   0.0118262       0.167
     8000000           0     5.35079    -798.231  0.00299842       0.185
     8100000           0     3.07847     -797.59   0.0312971       0.191
     8200000           0     5.74795    -794.816  0.00010085     0.30025
     8300000           0     4.51851    -795.159   0.0141014       0.186
     8400000           0     4.63824    -794.379   0.0092478       0.213
     8500000           0     4.96966    -797.455  0.00360874       0.207
     8600000           0     5.42646    -797.084   0.0040626       0.177
     8700000           0     4.75688    -795.297   0.0120502       0.192
     8800000           0     2.62412    -795.545   0.0314336        0.19
     8900000           0     5.42738    -796.416   0.0031084       0.179
     9000000           0      5.6706    -795.037  0.00191315       0.188
     9100000           0     6.01111     -794.02 0.000722638       0.208
     9200000           0      4.9496    -795.053    0.008065        0.19
     9300000           0     5.58886    -794.526  0.00160103       0.192
     9400000           0     5.30305    -793.949  0.00477249    0.253444
     9500000           0     5.78174    -794.072  0.00175524    0.195333
     9600000           1     5.59381    -790.093  0.00288747    0.202333
     9700000           0     4.91567    -795.461   0.0116842       0.191
     9800000           0     5.68357    -795.599  0.00280812    0.226286
     9900000           0     4.97823    -794.089   0.0112705       0.216
    10000000           0     5.23177    -796.575  0.00778053      0.1888
    10100000           0     5.87133    -794.488  0.00174191    0.213167
    10200000           1     4.07797    -788.663  0.00817706      0.2298
    10300000           1    0.411306    -790.822   0.0434263       0.212
    10400000           0     5.45598    -794.292  0.00487231      0.2127
    10500000           1     2.21475    -786.993   0.0231423       0.222
    10600000           0     5.90907    -794.859 0.000737991       0.195
    10700000           0     5.99255    -795.459  0.00189945    0.234222
    10800000           1     5.68801    -791.043    0.010705       0.234
    10900000           0     5.56327    -794.575 1.93931e-05       0.198
    11000000           0     4.81681     -794.42   0.0120998        0.22
    11100000           0     4.45907     -794.98  0.00834323        0.27
    11200000           0     5.56258    -794.056  0.00547674       0.209
    11300000           0     4.19116    -794.202   0.0124042    0.190333
    11400000           1     2.41099    -789.026   0.0403245       0.253
    11500000           0     5.09511    -795.309  0.00878654     0.29225
    11600000           0     1.76308    -794.551    0.043536       0.283
    11700000           0     5.79426    -794.016  0.00239567       0.177
    11800000           0     5.44926    -793.989  0.00440607       0.187
    11900000           0     6.06069    -795.642  0.00136904    0.201333
    12000000           0     5.35364     -795.53  0.00805996       0.198
    12100000           0     5.44878    -796.909  0.00738235       0.187
    12200000           0     4.71127    -794.794   0.0116716    0.218818
    12300000           0     5.70682    -794.081  0.00325594       0.209
    12400000           2     1.53399    -783.959   0.0426911    0.229625
    12500000           0     1.38651    -797.495   0.0477002    0.221571
    12600000           0      5.7229    -795.366  0.00262036       0.188
    12700000           0     5.30621    -795.597  0.00757882    0.201273
    12800000           0     4.93623    -794.642  0.00934494      0.2168
    12900000           0      5.6227    -794.965  0.00471245        0.27
    13000000           0      4.1022    -794.001   0.0154114       0.193
    13100000           0     5.22919    -797.188   0.0101035       0.201
    13200000           0     5.45798    -797.032  0.00390824       0.167
    13300000           0     4.52631    -797.264   0.0124187      0.2012
    13400000           0     5.41152    -795.817  0.00106259      0.2034
    13500000           0     4.66748    -796.253  0.00378561       0.171
    13600000           0     5.03513    -797.935  0.00565156       0.212
    13700000           0     4.71061    -796.519  0.00692967       0.178
    13800000           0     6.02964    -795.042  0.00177096      0.2315
    13900000           0     5.73386    -796.303   0.0046759       0.193
    14000000           0     5.76811    -795.219  0.00344857      0.1966
    14100000           0     6.09164    -797.591 0.000708997       0.189
    14200000           0      5.2299    -796.464   0.0018163       0.203
    14300000           0     5.73303        -798  0.00401478       0.212
    14400000           0     5.30088    -793.557  0.00566435       0.218
    14500000           0     5.05266    -793.973  0.00878283      0.1936
    14600000           0     5.89214    -794.568 0.000888389       0.188
    14700000           0     3.95627    -796.345   0.0118367       0.203
    14800000           0     5.71514    -796.555  0.00115251       0.192
    14900000           0     5.99163    -793.678 0.000101507       0.379
    15000000           0     4.98458    -795.361   0.0117946      0.2405
    15100000           0     5.76367    -797.656  0.00395158        0.19
    15200000           0     5.07801     -796.97   0.0116964       0.198
    15300000           0     5.19631    -794.933  0.00673547    0.204833
    15400000           0     3.09091    -793.917   0.0253424    0.202222
    15500000           0     5.24629    -795.341  0.00269376      0.2092
    15600000           0      5.3647    -794.649  0.00146152        0.26
    15700000           0    0.928795    -794.104   0.0520454       0.278
    15800000           0     5.62936    -793.859  0.00185273    0.241818
    15900000           0     4.57677    -796.818   0.0161411       0.202
    16000000           0     3.21943    -796.093   0.0205145    0.218667
    16100000           0     4.88691    -794.286   0.0126012      0.2185
    16200000           0     5.43376    -795.997 0.000217741    0.214333
    16300000           0     5.09334    -793.912    0.007105       0.195
    16400000           0     5.61344    -797.591  0.00565407      0.2242
    16500000           0     5.28897    -795.507  0.00719959      0.2125
    16600000           0     5.15294    -795.682  0.00330834       0.172
    16700000           0      5.9288    -794.345  0.00208607    0.201719
    16800000           0     3.71398    -795.038   0.0243001       0.159
    16900000           0     5.64368    -793.613  0.00262741       0.216
    17000000           0      5.0867    -793.705  0.00676665    0.204333
    17100000           0     5.76258    -794.796  0.00299585    0.229286
    17200000           0     3.78151    -796.994   0.0188287    0.193636
    17300000           0     5.80333    -796.638  0.00214231    0.197818
    17400000           0     5.52241    -796.031  0.00295559    0.197714
    17500000           0     3.70645    -795.947   0.0158511       0.203
    17600000           0     4.80898    -798.309    0.012364       0.188
    17700000           0     4.33197    -794.886   0.0120578       0.214
    17800000           0      5.6521    -797.661   0.0015853       0.195
    17900000           0     5.94674    -796.576  0.00130778     0.22475
    18000000           0     3.66685    -795.185   0.0190814       0.196
    18100000           0     4.66727    -794.908   0.0125094       0.208
    18200000           0     5.20204    -794.678  0.00533654       0.196
    18300000           0     3.13457    -796.567   0.0166541      0.2195
    18400000           0     4.60158    -796.091  0.00715936        0.17
    18500000           0     5.44548    -798.803  0.00160746       0.271
    18600000           0     5.43696    -795.045   0.0035243    0.202917
    18700000           0     5.43952    -793.889   0.0056713       0.203
    18800000           0     4.87236    -800.553   0.0118461       0.197
    18900000           0     6.00143    -795.246 0.000300622        0.16
    19000000           0     5.47842    -794.314  0.00518003       0.185
    19100000           0     4.64648    -794.178  0.00837001       0.196
    19200000           0     2.76157    -796.191   0.0313194      0.1962
    19300000           0     6.03471    -798.147  0.00140183    0.196333
    19400000           0     5.45727    -796.251  0.00458819      0.2385
    19500000           0     5.74873    -795.134  0.00135083       0.231
    19600000           0      6.0443    -795.172 0.000901582       0.191
    19700000           0     5.53608    -795.933  0.00158372       0.174
    19800000           0     4.95346    -796.764   0.0117051       0.222
    19900000           0     5.55895    -794.116  0.00095932       0.187
