BAMM 2.5.0 (2015-11-01)
Copyright (C) 2012-2014 Daniel Rabosky
BAMM is distributed under the GNU General Public License.
See http://bamm-project.org for more information.

Random seed: 1688747834

Model type: Speciation/Extinction

Reading tree from file <../../pinniped_median_full.tre>.
Tree contains 125 taxa.

Initial log-likelihood: -3562.47

Reading tree from file <../../pinniped_median_full.tre>.
Tree contains 125 taxa.

Initial log-likelihood: -3562.47

Reading tree from file <../../pinniped_median_full.tre>.
Tree contains 125 taxa.

Initial log-likelihood: -3562.47

Reading tree from file <../../pinniped_median_full.tre>.
Tree contains 125 taxa.

Initial log-likelihood: -3562.47

Running 4 chains for 20000000 generations.

  generation    N_shifts    logPrior      logLik   eventRate  acceptRate
           0           0     1.80977    -3562.47         0.5           0
      100000           5    -3.20777    -863.561     1.35963       0.372
      200000           2     1.13878    -877.242    0.903239       0.357
      300000           3   -0.024376    -881.255     1.96024       0.375
      400000           4    0.778382    -866.164    0.278644    0.391714
      500000           2   -0.233701    -875.555     0.59343       0.371
      600000           2    -4.71507    -885.412    0.508028    0.380778
      700000           2    -5.85461    -878.448     1.51374       0.401
      800000           3    0.699937    -871.713     0.61565       0.342
      900000           2   -0.905897     -883.23       0.756       0.338
     1000000           3   -0.348999    -873.163    0.646949       0.397
     1100000           5    -3.55085    -864.144     3.62549    0.395125
     1200000           6    -13.6015    -859.725     3.84266       0.405
     1300000           4     2.55118    -873.242     1.39779    0.402571
     1400000           2    -4.94676    -880.712     1.30528       0.368
     1500000           4    -7.14609    -870.794      3.6411       0.406
     1600000           2    -4.44457     -875.19     1.89589       0.376
     1700000           2    -1.13925    -877.803     0.41483      0.3812
     1800000           2   -0.749936    -881.743    0.417069       0.364
     1900000           3     -3.5376    -876.301     2.54415     0.36575
     2000000           5   -0.353412    -870.453     1.92883       0.372
     2100000           2     1.55135    -877.965    0.384839    0.378214
     2200000           2    -2.50724    -882.636     1.78131       0.338
     2300000           4   -0.998881     -868.37     2.36579       0.407
     2400000           3   -0.411715    -873.255     1.09698       0.385
     2500000           4    -1.15194    -866.881    0.965776      0.3877
     2600000           3    -2.85326    -873.257    0.548113      0.3765
     2700000           2    0.282206    -880.033    0.361366    0.379857
     2800000           2    -1.88766    -883.583     1.58626       0.375
     2900000           4    -2.42202     -869.85     2.17101    0.389375
     3000000           3     -1.4658    -870.066    0.873385       0.418
     3100000           5    -3.47855    -864.635     1.84911    0.398667
     3200000           5   -0.508306    -862.925     1.24305     0.39725
     3300000           2   -0.645783    -880.757    0.459669       0.365
     3400000           5    -0.54116    -864.418     2.01775      0.3934
     3500000           2    -1.53084    -883.294    0.561481        0.36
     3600000           2    -1.38895    -878.031    0.913249       0.343
     3700000           5    -2.77091    -866.732     1.78228       0.407
     3800000           3     1.55986    -875.256    0.338591      0.3705
     3900000           5    -6.88638    -877.065     1.97273       0.367
     4000000           3   -0.490996    -877.207     1.07747    0.376667
     4100000           4     1.09594    -869.725     1.23188       0.408
     4200000           3    -1.97916    -874.821    0.820925       0.373
     4300000           6    0.170674    -870.004      2.5191       0.405
     4400000           2     1.06231    -879.974    0.570381      0.3785
     4500000           5    -1.96952    -863.159     1.16699      0.3806
     4600000           4     -4.9648    -866.951     1.93572       0.411
     4700000           3    -1.07062    -877.874    0.875941       0.404
     4800000           5    -3.65439    -866.892     2.07368      0.3994
     4900000           2   -0.672463    -878.177    0.439528       0.392
     5000000           4    -4.20749    -865.501     2.03531       0.397
     5100000           3    -3.59294     -872.53      1.8497       0.418
     5200000           3     1.82455     -876.61    0.272468      0.3688
     5300000           2    -2.56101    -884.684    0.907837     0.38581
     5400000           3   -0.221762     -872.86     1.06277       0.366
     5500000           4    -6.81096    -867.265      2.4679        0.39
     5600000           4    0.850687    -872.609     1.67068       0.398
     5700000           4    -1.00054    -866.945     1.85585       0.396
     5800000           4   -0.969553    -867.669     2.37265       0.376
     5900000           2    -1.60353    -877.194    0.958244       0.372
     6000000           3    0.311241    -873.037    0.830178        0.37
     6100000           2    -4.02911     -877.68    0.931792    0.383909
     6200000           5    -9.93832    -864.443     5.39747      0.3648
     6300000           6   -0.313535    -864.581      2.4797       0.403
     6400000           2    -3.88754    -878.632     1.39415       0.338
     6500000           4    -1.98267     -862.53     1.05067       0.432
     6600000           4    -1.97307     -867.35     2.16984       0.368
     6700000           4     -1.5681    -871.524     2.45718       0.377
     6800000           2    -2.34414     -876.52     1.20013      0.3724
     6900000           3    -1.20718    -871.283    0.759976       0.382
     7000000           6    -2.83989     -872.46     4.81328       0.401
     7100000           2 -0.00991801    -877.148    0.596274       0.384
     7200000           5     1.20259    -869.307     1.69793       0.382
     7300000           3    -7.45088    -872.079     1.29191       0.357
     7400000           2    -1.61022     -874.46     1.24992    0.363111
     7500000           2    -1.46343    -880.258     1.16972       0.395
     7600000           4    -2.49789    -866.395     2.62185      0.3995
     7700000           3    -3.50323     -880.03     2.41805       0.399
     7800000           2     0.28269    -878.527    0.805199         0.3
     7900000           2    -1.49233    -880.202     1.65283       0.343
     8000000           5    -6.52705    -863.974     4.07625      0.4055
     8100000           2    -3.28834    -877.874    0.849111    0.378889
     8200000           3    -1.40964    -876.794     1.73386     0.37375
     8300000           3     2.20884    -872.267    0.452608       0.358
     8400000           4    0.552706    -867.324     1.03283      0.4046
     8500000           2    0.342884    -881.863    0.903864       0.351
     8600000           3    0.736238    -873.619    0.734291    0.378931
     8700000           4     3.81428    -878.626    0.658473    0.376857
     8800000           4      1.2054      -872.8    0.645899       0.391
     8900000           2    0.128145    -876.606    0.509196     0.38225
     9000000           4   0.0129095    -869.443     2.00783    0.354462
     9100000           2    -3.61341    -879.145    0.689849       0.357
     9200000           4    -1.79094    -871.894     1.34843      0.3814
     9300000           4    -3.61618    -865.514    0.637734       0.401
     9400000           1   -0.530666    -888.164    0.859372       0.339
     9500000           3    -7.28594    -870.585     0.91435       0.393
     9600000           5     2.32566    -874.132     1.44721    0.378583
     9700000           2    -2.76974    -876.089      0.8955       0.365
     9800000           6    -3.13895     -859.23     2.81206       0.413
     9900000           4  -0.0192563    -877.739     1.18838       0.399
    10000000           5    -6.63489    -875.078     3.02297       0.325
    10100000           6    -8.97585    -857.426     1.83409      0.4005
    10200000           2     -1.4755    -876.103     1.32156     0.38625
    10300000           3      1.5207    -874.776    0.231212       0.363
    10400000           2      1.1096     -882.34    0.103918    0.367667
    10500000           4    0.785969    -871.217     1.67017        0.39
    10600000           5      2.1958    -870.375     1.02458       0.384
    10700000           8      -2.832    -869.018     2.35824       0.417
    10800000           5    -5.38841    -864.638     2.66145      0.4045
    10900000           2    -2.66278    -880.194     1.19104      0.3585
    11000000           2     1.13841      -880.5    0.632168    0.389857
    11100000           3    0.252555    -878.927     1.36753       0.384
    11200000           2   0.0409388    -879.182    0.465863       0.357
    11300000           2    -2.67377    -875.624     2.11373       0.352
    11400000           4     -4.5283    -866.682     3.03446        0.37
    11500000           2    -2.42464    -880.547     1.38916      0.3768
    11600000           4     2.27001    -875.617     1.15724    0.360636
    11700000           3    -2.45534    -879.202     1.29286       0.389
    11800000           5   -0.126941    -864.387    0.904642       0.396
    11900000           6    -2.76643    -861.834     1.18323       0.393
    12000000           5     1.67523    -870.397     1.26837       0.426
    12100000           3    0.438121    -875.369      1.7125       0.415
    12200000           5    -3.17408    -873.963     3.16317    0.388667
    12300000           4    -4.45657    -870.554     1.90777       0.372
    12400000           3    -2.08146    -873.628     1.20448    0.383714
    12500000           3    -2.56666    -873.115    0.958722       0.336
    12600000           4    -5.52058    -868.167     1.90889      0.3855
    12700000           5    0.886381    -868.096     1.95781       0.383
    12800000           6    0.569096    -860.051     2.07672    0.409615
    12900000           6    -2.74091    -863.624     2.26234       0.396
    13000000           5    -1.94678    -868.056    0.936041       0.397
    13100000           5    -4.42723    -863.826     1.67444       0.354
    13200000           4     -7.2593     -867.32     2.60442       0.414
    13300000           2   -0.412961    -881.241    0.791042        0.37
    13400000           3    -6.46242    -872.124     1.35375       0.359
    13500000           2    -2.09555    -884.534     1.34199    0.377111
    13600000           4    0.614093    -866.276     1.08997    0.360667
    13700000           3    -3.17451    -870.601     1.23988      0.3995
    13800000           2     0.55853    -878.595     0.78476       0.351
    13900000           5    -2.30865    -868.138     1.18572       0.388
    14000000           4    -4.18966    -871.406     2.20521       0.396
    14100000           2    0.492472    -880.427    0.181698       0.347
    14200000           3    -0.87181    -876.055     2.27221       0.389
    14300000           5    -5.08001    -862.355     1.44237       0.404
    14400000           4    -1.51614    -878.858     1.09888    0.371769
    14500000           3    -4.37267    -875.491     2.40135        0.29
    14600000           3   -0.132882    -874.259    0.874787       0.385
    14700000           2     0.88899    -880.282    0.329605       0.365
    14800000           3    -3.67685    -879.262     1.76357       0.378
    14900000           5   0.0129027     -867.51     2.23042    0.377667
    15000000           4      1.2075    -874.711    0.689052       0.392
    15100000           2    -4.97369    -879.358     2.16666    0.392667
    15200000           3   -0.629296    -871.349    0.728068       0.375
    15300000           3    -2.37986    -873.466     1.54734       0.366
    15400000           5    -0.53613    -872.069     1.78017    0.374667
    15500000           3    -1.95312    -873.844     2.24447      0.3705
    15600000           6    -5.60272    -864.037     3.89392    0.387167
    15700000           4   -0.921072    -875.483     1.39404       0.396
    15800000           2    -2.19005    -883.583     1.11064       0.388
    15900000           3    -1.57297    -878.134     1.40355    0.384091
    16000000           5    -3.58311    -864.615     2.61671       0.419
    16100000           3     1.34975    -869.656      1.2367       0.386
    16200000           4    -4.85711    -869.878     1.42877      0.3752
    16300000           4    -1.96765    -873.183      1.4332    0.364083
    16400000           3    -2.14194    -871.853     1.78566       0.397
    16500000           6    -2.95453     -866.04     1.89311       0.418
    16600000           3    -2.99793    -872.657     1.86452        0.41
    16700000           2    -1.21925     -879.11    0.464487       0.391
    16800000           2   -0.116882    -880.458     0.50164    0.381444
    16900000           4    0.145734     -868.38      2.2989      0.3515
    17000000           5    0.140204    -863.311     1.36828       0.413
    17100000           3     -2.4824    -879.762     2.13692      0.4032
    17200000           5    -6.47224    -866.708     2.38315       0.389
    17300000           2    -1.24659    -877.237    0.879779       0.364
    17400000           5   0.0336165    -871.862     1.10667       0.396
    17500000           6     -7.4861    -861.919     3.01078       0.415
    17600000           2    -4.51408    -876.494    0.670242      0.3705
    17700000           5    -3.97157    -858.579     2.48995       0.392
    17800000           3    -2.35615    -873.148    0.535732       0.397
    17900000           2    -1.39902    -878.411     1.53359       0.385
    18000000           5    -1.53296    -873.297     2.20929       0.414
    18100000           2   -0.203835    -885.728    0.382097    0.370571
    18200000           7      -3.119    -862.531       1.879       0.413
    18300000           2    -1.85942    -876.744     1.10591       0.415
    18400000           4    -2.53328    -866.939     2.07189    0.382409
    18500000           3    -5.28477    -874.211     3.49124       0.414
    18600000           5    -1.20487    -864.615     1.97242       0.326
    18700000           6    -1.61652    -859.713     1.22439       0.391
    18800000           4    -7.82698    -866.463     2.47016         0.4
    18900000           4    -1.48847     -875.19    0.819824       0.399
    19000000           4    -4.21917    -863.095     1.58097       0.382
    19100000           2    -1.96713    -879.614    0.586664       0.374
    19200000           5    -3.26568    -862.439     2.85352        0.43
    19300000           5    -4.65123    -869.972     2.92508      0.3964
    19400000           3    0.264869    -875.591     1.52274     0.38375
    19500000           3    -2.49373    -873.563     2.53674       0.426
    19600000           2    -3.69231     -884.22     1.11385       0.407
    19700000           5     1.47863    -861.288     1.16656       0.408
    19800000           2   -0.982701    -875.883    0.713033    0.400133
    19900000           3    -4.82983    -871.114     1.02886       0.394
