BAMM 2.5.0 (2015-11-01)
Copyright (C) 2012-2014 Daniel Rabosky
BAMM is distributed under the GNU General Public License.
See http://bamm-project.org for more information.

Random seed: 1688747550

Model type: Speciation/Extinction

Reading tree from file <../../pinniped_median_noanc.tre>.
Tree contains 100 taxa.

Initial log-likelihood: -3384.29

Reading tree from file <../../pinniped_median_noanc.tre>.
Tree contains 100 taxa.

Initial log-likelihood: -3384.29

Reading tree from file <../../pinniped_median_noanc.tre>.
Tree contains 100 taxa.

Initial log-likelihood: -3384.29

Reading tree from file <../../pinniped_median_noanc.tre>.
Tree contains 100 taxa.

Initial log-likelihood: -3384.29

Running 4 chains for 20000000 generations.

  generation    N_shifts    logPrior      logLik   eventRate  acceptRate
           0           0     1.69363    -3338.23         0.5           1
      100000           8    -2.02457    -766.289     2.77805       0.417
      200000           4   -0.765417    -775.476     2.31733        0.36
      300000           1     1.31859    -792.117    0.546373       0.405
      400000           2   -0.843688    -781.874    0.350631       0.398
      500000           4    0.810869    -779.396     1.71204       0.428
      600000           3    -2.06016    -778.451     2.66909       0.407
      700000           3     2.09189     -787.52    0.385102       0.404
      800000           1    0.204513    -788.708    0.661629    0.403333
      900000           0     2.02998    -801.169   0.0852139    0.318571
     1000000           5   -0.996678    -766.355     1.46898     0.40875
     1100000           2    -0.39775    -785.269    0.521781    0.399833
     1200000           4    0.957888    -770.623     1.64306       0.443
     1300000           4    -2.11094    -771.308     2.17685     0.39625
     1400000           2     1.91705    -788.506    0.450853       0.386
     1500000           2     0.57523    -785.584    0.577571    0.394875
     1600000           2     2.22898    -786.018    0.378475      0.4175
     1700000           3    -3.85204    -779.129     2.55044       0.411
     1800000           2    0.332887    -781.336     1.29767       0.411
     1900000           3    -1.50874    -777.317     2.00573       0.402
     2000000           2    0.559541    -782.255     1.30985       0.403
     2100000           2    0.367101    -786.934      1.6137      0.3916
     2200000           7    0.844653    -763.382     2.22609       0.441
     2300000           2    0.253806    -782.022    0.889668       0.397
     2400000           3   -0.165841    -780.465     1.30465      0.3965
     2500000           4    -1.30747    -780.178     1.88907       0.405
     2600000           2    -1.73043    -784.785     1.45898      0.3795
     2700000           6    -1.56367    -770.989     1.27408       0.437
     2800000           2     2.36533    -785.042    0.631273       0.372
     2900000           1     1.57867    -789.608   0.0697027      0.3835
     3000000           4    0.556836    -777.081     1.42238      0.3864
     3100000           4    -3.97813     -771.66     3.42208       0.436
     3200000           3   -0.428012    -777.125     1.55632      0.4065
     3300000           0     1.44033    -794.693    0.254235       0.323
     3400000           2    0.836962    -782.573     0.62934       0.397
     3500000           2   -0.641258    -781.497    0.855087    0.398588
     3600000           3    0.470614    -778.302    0.531431       0.393
     3700000           2     1.33528    -780.729    0.538442       0.423
     3800000           4    -7.65445    -775.628     3.10506      0.4205
     3900000           0    0.487184    -794.122    0.674368       0.197
     4000000           2    -4.85946    -782.187     1.22141      0.4168
     4100000           3      -3.168    -779.075     1.92478    0.412636
     4200000           2    0.261442    -781.422    0.571959      0.4005
     4300000           4    -10.1504    -774.922     1.94959      0.3925
     4400000           3   -0.126981    -776.376     1.25577     0.41475
     4500000           2    -1.76703    -785.839     1.75008      0.4145
     4600000           2     2.58512    -784.115    0.665462     0.38825
     4700000           5    -5.82408    -777.465     4.31227       0.405
     4800000           2     -3.5762    -790.264    0.634071       0.397
     4900000           3     1.42731    -778.459     1.02022     0.40125
     5000000           2    -1.56326    -782.298     1.64815     0.40825
     5100000           2     1.94533    -780.436    0.523203       0.382
     5200000           6    -3.79863    -768.005     3.07669        0.38
     5300000           4    0.606107    -767.594    0.868973       0.408
     5400000           3     1.40205    -780.827      1.3243    0.411833
     5500000           4     -4.2186    -777.431     2.12538     0.37425
     5600000           3    0.593321    -783.324      1.1031        0.44
     5700000           2     2.41947    -787.098     0.12509      0.3922
     5800000           2     0.36233    -781.895     1.02436      0.3995
     5900000           2     2.28187    -779.819    0.288213    0.397923
     6000000           2    -4.02463    -785.321     2.24476       0.393
     6100000           3    0.442258    -789.093     1.15106       0.397
     6200000           5     -1.8084    -769.679     1.77488       0.421
     6300000           6     2.26826    -769.776    0.770024        0.43
     6400000           3     4.08239    -777.522    0.354878        0.35
     6500000           1    -1.02702    -787.319    0.823132      0.2954
     6600000           3   -0.270496    -773.658    0.578296      0.3975
     6700000           3   -0.950023    -780.527     1.52228       0.415
     6800000           4     2.17808    -773.095     0.99566       0.413
     6900000           3      2.9034    -777.422    0.703692       0.393
     7000000           3  -0.0722431    -784.417     2.72055       0.412
     7100000           2    -1.29569    -781.495     0.84559    0.410429
     7200000           3   -0.986337    -784.138     1.46287    0.389917
     7300000           2    -3.26705    -783.723     1.34872       0.424
     7400000           2    0.135851    -782.466    0.903341       0.408
     7500000           3   -0.323174     -780.31     1.11256     0.39875
     7600000           4    -6.93452    -777.716      4.3314       0.383
     7700000           3      -5.129    -770.853     2.80092       0.358
     7800000           4      1.6443    -772.708    0.840521      0.3915
     7900000           6    -2.51954    -764.907     1.67503       0.439
     8000000           1   -0.835855    -787.787    0.969195       0.391
     8100000           5    0.406107     -773.74     1.82136    0.436333
     8200000           2    -2.37729    -784.857     2.64261       0.425
     8300000           2     1.07303    -783.824    0.982574       0.399
     8400000           4   -0.898179    -770.744     2.09083       0.371
     8500000           3    -1.80305    -780.974    0.740313      0.3814
     8600000           6    0.529912    -766.336     2.28229       0.386
     8700000           3    -1.49751     -778.64     2.31243       0.418
     8800000           2    0.253557    -785.453     1.18683       0.371
     8900000           3    -2.23342      -777.7     1.34872    0.417211
     9000000           5     -1.8653    -772.001     1.17888      0.3938
     9100000           0     1.94343    -794.573   0.0639872      0.3568
     9200000           3  0.00699489    -780.477     1.05953      0.3975
     9300000           2   -0.671781    -780.913    0.576557      0.4024
     9400000           2     1.42088    -781.864    0.671723    0.396286
     9500000           2     1.37304    -784.645    0.815383      0.3985
     9600000           5     -2.3324    -770.825     2.18559       0.415
     9700000           3   -0.892168    -779.924     2.72122    0.411353
     9800000           2    -1.86914    -782.756     2.54627      0.3765
     9900000           5     1.62749    -762.113     1.33523    0.424333
    10000000           4    0.376929    -776.974     1.89829    0.403167
    10100000           3     2.88827     -775.06      1.0458       0.358
    10200000           2    -3.02046    -786.915    0.601582    0.347286
    10300000           1     1.11772    -790.997    0.373502       0.391
    10400000           3    -2.03348    -782.328     0.64963       0.413
    10500000           1    -2.95055    -788.679     1.58066       0.361
    10600000           2     1.68014    -782.279    0.872424       0.423
    10700000           4   -0.402615    -776.793     2.15732       0.393
    10800000           3     -1.9144    -780.804      1.3744        0.39
    10900000           4   -0.751793    -781.355    0.942742      0.3885
    11000000           4     1.13746    -777.915     1.63715      0.3815
    11100000           5    -7.88833    -766.576     2.66061      0.4095
    11200000           5     2.16723    -769.254     1.82668       0.399
    11300000           2    -1.90995     -784.28     1.35761      0.3964
    11400000           2    -2.26863    -782.268    0.743298      0.3888
    11500000           3     3.10592    -781.871    0.579354       0.434
    11600000           2    0.804816    -783.198     1.14207    0.406667
    11700000           1     0.90014    -788.376    0.451924       0.373
    11800000           2     1.18351    -787.324    0.473971       0.408
    11900000           3    0.902037    -776.239    0.560322       0.406
    12000000           1    0.195855    -787.124     0.16323    0.374437
    12100000           1     1.49313     -791.91    0.673524       0.232
    12200000           2    -1.19622    -782.064     1.40313       0.398
    12300000           3    -2.59939    -774.911       2.926    0.365533
    12400000           5    -9.20321    -770.103     5.42392      0.4085
    12500000           2   -0.506326    -782.558   0.0685427       0.424
    12600000           0   -0.110458     -796.74    0.491884       0.216
    12700000           2    -2.14508     -780.41     1.24423    0.413667
    12800000           4   -0.954037    -775.871     1.76418       0.431
    12900000           3    -0.23475    -776.404     1.28294    0.402062
    13000000           1     -1.8154    -793.877     1.94891    0.407667
    13100000           4    -3.38559     -773.31     1.30981       0.392
    13200000           2   -0.176777    -782.877     1.36318       0.392
    13300000           1    0.870204    -792.531    0.970026       0.411
    13400000           3    0.949318    -781.379    0.900903       0.385
    13500000           2    0.800575    -783.049     1.24111       0.416
    13600000           2    0.403606    -783.756    0.412672     0.38825
    13700000           2     2.31975    -781.455     1.11271       0.406
    13800000           0    0.768038    -794.832    0.666333       0.281
    13900000           3     2.17584    -783.579    0.580602       0.401
    14000000           3     3.49148    -776.736    0.414385       0.397
    14100000           2     -1.1811    -783.943    0.715417       0.398
    14200000           3    -1.32762      -779.1     1.30521       0.433
    14300000           2   -0.352018    -782.791     1.72677      0.3565
    14400000           3   -0.924273    -788.927     3.19609       0.392
    14500000           3     1.66391    -781.216    0.622878       0.397
    14600000           1     1.43596     -790.96    0.252777       0.355
    14700000           3   -0.315434    -775.411    0.739756       0.344
    14800000           4    -3.78091    -775.231     3.15717       0.438
    14900000           2     1.68418    -779.687    0.437259       0.399
    15000000           2    0.154949    -781.932     1.01832    0.388889
    15100000           2     1.27309    -782.226    0.450877       0.398
    15200000           2    -6.61841    -781.926     2.49087    0.398333
    15300000           3     1.10565    -782.762     1.11616    0.383333
    15400000           3   -0.874358    -782.594     2.25343       0.396
    15500000           2     1.77986    -782.558    0.667093       0.386
    15600000           2    0.892653    -783.333     0.54623       0.398
    15700000           3   -0.358283    -781.675     2.11186        0.41
    15800000           2    0.325163    -782.899    0.221156    0.403125
    15900000           2     -1.1053    -784.089     1.67074       0.385
    16000000           3   -0.969791     -782.08     1.30201       0.357
    16100000           3    -2.18952    -778.785     2.63264       0.417
    16200000           3     -1.4984    -776.477     1.91226    0.404667
    16300000           1   -0.186661    -790.823    0.874787     0.39225
    16400000           1    0.875544    -791.554    0.283489       0.404
    16500000           4    -2.76918    -773.168     1.78636    0.430556
    16600000           2     1.58891    -781.565    0.696946    0.397609
    16700000           1     2.90831    -791.832     0.27797      0.3948
    16800000           3    -1.00971     -780.56     1.74519        0.43
    16900000           2    0.767378    -783.817     1.38717       0.379
    17000000           2     2.72539    -783.579    0.345013       0.351
    17100000           4     1.16102    -776.634     2.02747       0.417
    17200000           2    -0.42888    -782.084    0.422203        0.38
    17300000           2    -1.90837    -788.644     1.05668    0.403667
    17400000           2  -0.0896859    -782.539     1.16521        0.37
    17500000           2    -1.07763    -779.096     1.16319       0.399
    17600000           2  -0.0557948    -784.028    0.586031       0.396
    17700000           4    -2.48376    -777.034     2.26243       0.401
    17800000           3    -1.88802    -779.539    0.814977    0.410182
    17900000           2     -3.1619    -781.238     2.07841        0.41
    18000000           3   -0.535429     -778.65     2.13807       0.424
    18100000           2    -2.48618    -788.186     1.74714    0.331833
    18200000           2   -0.985054    -783.036     1.69484       0.393
    18300000           2    -2.47025    -780.477     1.34643       0.387
    18400000           3   -0.872559    -784.183     1.47441       0.411
    18500000           3    0.833917    -781.848    0.245346      0.3605
    18600000           3    0.803254    -783.901     1.03844      0.4115
    18700000           4       2.014    -776.951      1.2733     0.36575
    18800000           4    -2.69505    -772.812     3.43306       0.406
    18900000           3     1.25094    -780.263     1.37693    0.397556
    19000000           2    -0.76383    -787.284      0.1885       0.425
    19100000           2     1.21793    -785.597     0.81902       0.394
    19200000           2     1.68405    -781.881    0.414743    0.395167
    19300000           1     2.76213    -789.664   0.0368358       0.309
    19400000           3    -3.10662    -772.668     1.96523       0.385
    19500000           3   -0.974764    -780.185     1.02325    0.376818
    19600000           2      1.5988     -785.72    0.164118    0.437429
    19700000           5   -0.387791    -769.765      1.7303    0.410833
    19800000           1     1.53594    -788.508    0.170892    0.357687
    19900000           5    -3.47848    -765.435       2.772       0.387
