BAMM 2.5.0 (2015-11-01)
Copyright (C) 2012-2014 Daniel Rabosky
BAMM is distributed under the GNU General Public License.
See http://bamm-project.org for more information.

Random seed: 1688747769

Model type: Speciation/Extinction

Reading tree from file <../../pinniped_median_full.tre>.
Tree contains 125 taxa.

Initial log-likelihood: -3562.47

Reading tree from file <../../pinniped_median_full.tre>.
Tree contains 125 taxa.

Initial log-likelihood: -3562.47

Reading tree from file <../../pinniped_median_full.tre>.
Tree contains 125 taxa.

Initial log-likelihood: -3562.47

Reading tree from file <../../pinniped_median_full.tre>.
Tree contains 125 taxa.

Initial log-likelihood: -3562.47

Running 4 chains for 20000000 generations.

  generation    N_shifts    logPrior      logLik   eventRate  acceptRate
           0           0     5.72179    -3562.47        0.01           0
      100000           2     2.24392    -880.255   0.0331717      0.3766
      200000           2     1.01738    -879.503   0.0271964       0.384
      300000           1     4.01506    -889.128   0.0153357    0.357222
      400000           1     3.45547    -889.306   0.0089395       0.354
      500000           3    -1.16946    -877.536   0.0472445       0.355
      600000           1      4.7828    -888.835  0.00249295       0.354
      700000           1     3.51597    -886.928   0.0230961       0.356
      800000           1     4.02205    -888.024   0.0120759       0.329
      900000           1     2.73839    -885.829   0.0213996       0.363
     1000000           2     2.40353    -875.928  0.00939287       0.345
     1100000           2     5.19438    -882.193  0.00476724       0.356
     1200000           2    -4.25397    -881.732   0.0612557        0.38
     1300000           2     4.65059    -881.425   0.0127844       0.387
     1400000           2    0.800858    -877.887  0.00921086        0.39
     1500000           2     2.59395    -886.213   0.0143948        0.34
     1600000           2     2.48339    -878.827   0.0170123       0.345
     1700000           2    -1.03683    -877.247   0.0378184     0.36225
     1800000           2   -0.502964    -884.448   0.0420911       0.359
     1900000           2     1.10209    -882.355   0.0309539       0.343
     2000000           1     5.11135     -886.69  0.00425709     0.36375
     2100000           2     2.47332    -879.406   0.0107029       0.346
     2200000           2     1.31396    -876.941   0.0202674    0.362625
     2300000           2      1.9748    -878.478   0.0123127      0.3755
     2400000           2    -3.61003    -874.258   0.0430619       0.333
     2500000           2     4.22814    -879.234   0.0129926         0.4
     2600000           2     0.51422    -879.863   0.0290385    0.359667
     2700000           1    0.591732     -891.39    0.030902    0.354182
     2800000           1     3.54606    -886.512   0.0130124      0.3348
     2900000           2    0.482216     -878.44   0.0311214     0.38125
     3000000           2     3.99162    -877.245   0.0186921      0.3495
     3100000           2       2.545     -878.23   0.0103291    0.292775
     3200000           1     3.96438    -885.511  0.00693262       0.346
     3300000           2    -3.43678    -879.147    0.041795       0.377
     3400000           0     5.22459     -899.59  0.00642004       0.171
     3500000           2    0.380477    -880.564   0.0456042       0.384
     3600000           2    -3.60406    -876.339    0.061823       0.367
     3700000           2   -0.112146    -880.964   0.0530114       0.376
     3800000           1   0.0745399    -886.283   0.0157636       0.355
     3900000           2     2.02874    -877.227   0.0150345     0.35725
     4000000           2     3.44354    -879.626    0.010172      0.3728
     4100000           0     4.35848     -901.06   0.0163196        0.24
     4200000           2     4.91348    -875.636  0.00294445     0.35525
     4300000           2     3.71916    -880.204   0.0205996       0.319
     4400000           2     3.51291    -884.564   0.0201972      0.3385
     4500000           2       3.204    -876.024    0.012789     0.35612
     4600000           2     3.94014     -879.95  0.00676761       0.329
     4700000           2     1.51164    -877.614   0.0169653       0.347
     4800000           1   -0.242267    -886.452   0.0175776    0.365769
     4900000           2     3.13217    -879.208   0.0222164    0.367571
     5000000           2     3.11801    -877.483   0.0129883        0.35
     5100000           2   -0.613821    -876.274   0.0545538       0.405
     5200000           3   -0.689802    -874.521   0.0378822       0.343
     5300000           1     3.91507    -886.746   0.0135459       0.335
     5400000           2   -0.229043    -874.945   0.0409873       0.357
     5500000           0     5.46559     -901.52 0.000997769       0.279
     5600000           2     3.63468    -884.541  0.00939217        0.36
     5700000           2  -0.0798484    -880.402   0.0282822       0.249
     5800000           1     1.58452    -887.494   0.0386727       0.347
     5900000           1     3.05016    -885.387   0.0131292      0.3562
     6000000           2   -0.299084    -883.486   0.0483673       0.372
     6100000           1     5.27922    -887.329 0.000649151      0.3565
     6200000           1    0.554729    -885.639   0.0259767       0.344
     6300000           2     2.96982     -878.84   0.0191843    0.347333
     6400000           2     5.30872    -885.728   0.0160818    0.382333
     6500000           1      4.8023    -890.346   0.0192668       0.359
     6600000           2    0.020422    -884.009   0.0641544       0.338
     6700000           2     3.44084    -877.875   0.0255827       0.359
     6800000           1     2.67792    -888.026   0.0235096       0.347
     6900000           2   -0.985256    -880.921   0.0782509    0.364063
     7000000           2     1.78213    -878.266   0.0262862       0.343
     7100000           1     4.03003    -887.283   0.0188138    0.362687
     7200000           2    -1.20299    -878.107   0.0460144      0.3685
     7300000           1     1.97813    -885.707   0.0186116       0.369
     7400000           2     1.92155    -878.216    0.026897    0.370917
     7500000           1     2.01817    -886.936   0.0204191     0.34975
     7600000           2    0.363416    -877.729   0.0225168       0.345
     7700000           2    -2.55884    -882.711     0.06983    0.360857
     7800000           2      1.7732    -876.879   0.0356441      0.3585
     7900000           2     1.02987    -878.868   0.0474859       0.349
     8000000           2     4.29996    -882.007   0.0179019       0.386
     8100000           2    0.626146    -879.623   0.0516296    0.352333
     8200000           2     1.68653    -878.302    0.030659        0.35
     8300000           2     -2.1246    -879.021   0.0237792       0.408
     8400000           2     1.28659    -879.887   0.0336376        0.37
     8500000           2    -2.32593    -874.681   0.0733574       0.364
     8600000           1     3.65315    -887.628   0.0156928      0.3575
     8700000           2     3.14852    -880.006   0.0108316    0.373909
     8800000           2     2.67214     -879.94   0.0458162    0.368727
     8900000           1     4.29647    -890.343  0.00696788       0.348
     9000000           2    -2.20158    -874.235   0.0521535       0.355
     9100000           2     1.15491    -877.558   0.0231009    0.357857
     9200000           2   -0.312838    -879.233   0.0257368      0.3616
     9300000           2     1.47842    -881.011   0.0400382       0.373
     9400000           1     3.54636    -889.324    0.015913      0.3544
     9500000           2     3.95246    -881.447   0.0084632    0.356353
     9600000           1     2.32417    -885.396   0.0215166    0.354667
     9700000           2    -2.14226     -876.66     0.06789    0.369571
     9800000           1     3.19298    -885.531   0.0217858       0.325
     9900000           2   -0.878004    -878.599   0.0575349      0.3718
    10000000           1   -0.437404     -888.81   0.0292273      0.3498
    10100000           1     4.98006    -894.946   0.0169918       0.351
    10200000           2     3.34423    -876.711   0.0111284      0.3599
    10300000           1     3.58703    -886.313  0.00432394    0.349333
    10400000           2     3.08759    -882.674   0.0262378    0.373714
    10500000           2   -0.512309    -878.064   0.0400244    0.368375
    10600000           2     5.24897    -881.241  0.00221693       0.357
    10700000           2     2.99197    -881.893   0.0180151       0.344
    10800000           2     -1.2047      -877.5   0.0462112       0.401
    10900000           1     3.71201    -886.472   0.0173928        0.36
    11000000           1     3.97288    -886.904   0.0212241       0.348
    11100000           2     2.60339    -875.897   0.0217116      0.3555
    11200000           2 -0.00312449     -878.73   0.0356294    0.385333
    11300000           2     1.05298    -885.355   0.0394805       0.341
    11400000           2     1.35674    -876.522   0.0227599       0.374
    11500000           1      3.0824    -887.367   0.0116638      0.3612
    11600000           2    0.982014    -879.396   0.0364981    0.379667
    11700000           2    -1.76587    -877.002   0.0363795      0.3535
    11800000           2    -1.23572    -874.885   0.0369903      0.3525
    11900000           2    -1.76762    -875.661   0.0662573    0.364833
    12000000           2     5.23368    -877.875  0.00826837       0.364
    12100000           1      2.3632    -890.091   0.0477699     0.34475
    12200000           2     1.80987    -877.504   0.0387291       0.357
    12300000           2     2.32923    -883.282   0.0280476        0.31
    12400000           1     4.45665    -886.481    0.012882       0.387
    12500000           1     2.38059    -887.845   0.0274286       0.351
    12600000           1     3.72607    -887.444    0.023619       0.319
    12700000           2     3.76583    -877.471   0.0105041       0.355
    12800000           2     2.03953    -878.448   0.0282962       0.357
    12900000           1     2.11603    -885.886    0.034839       0.328
    13000000           2   -0.313494    -879.567   0.0370538    0.365857
    13100000           2     2.94963    -876.586   0.0219292       0.367
    13200000           2    -3.90632      -875.9   0.0723986    0.359714
    13300000           1     2.25442    -885.738   0.0199929      0.3484
    13400000           2     3.64003    -880.803   0.0203462    0.372571
    13500000           1    -2.54466    -885.554   0.0586042       0.367
    13600000           2     1.93559    -881.182    0.031204      0.3765
    13700000           2     3.02818    -880.965   0.0115876    0.354524
    13800000           1     5.17066    -892.567   0.0109693    0.348615
    13900000           2     3.36529    -877.317   0.0166363       0.364
    14000000           2     5.02483    -880.269   0.0102832    0.357909
    14100000           2    -4.63208    -878.075   0.0647339       0.378
    14200000           2    0.745238    -879.644    0.023625       0.362
    14300000           2    -1.12731     -879.47   0.0588258      0.3804
    14400000           1     3.63166    -887.599   0.0133851       0.341
    14500000           2    0.480171    -878.257   0.0159471    0.327429
    14600000           2     2.18604    -879.896   0.0391317       0.359
    14700000           1    -3.22518    -890.098   0.0684145      0.3671
    14800000           2     3.84132    -878.513   0.0196746       0.359
    14900000           1     3.21273     -893.21   0.0247493      0.3435
    15000000           2   -0.613569    -882.928   0.0680652       0.349
    15100000           1     1.92448    -889.097   0.0412559       0.354
    15200000           1     4.32383    -888.284   0.0105836       0.283
    15300000           2    0.929987    -878.046   0.0438482       0.364
    15400000           2     2.77389    -883.537  0.00571656        0.37
    15500000           1     1.46366    -887.876   0.0299153       0.352
    15600000           1     2.44898    -886.947   0.0218494       0.343
    15700000           2    -2.72028    -877.765   0.0539833     0.35875
    15800000           1     4.55895    -887.192  0.00773745        0.36
    15900000           2     2.97764     -878.79  0.00947067        0.37
    16000000           2     1.18342    -880.087   0.0126521       0.352
    16100000           1      4.4171    -887.536  0.00503043      0.3578
    16200000           1   -0.690193    -885.166    0.041451       0.342
    16300000           2     2.07613    -875.762   0.0148759       0.367
    16400000           1     3.69949    -887.949   0.0175958       0.339
    16500000           2     1.76828    -877.787   0.0253623       0.356
    16600000           1     2.90303    -888.208    0.017659       0.338
    16700000           2    0.514656    -878.139  0.00845976       0.366
    16800000           2    -1.55882    -873.276   0.0474567       0.355
    16900000           2    -1.95729     -877.87   0.0567059       0.363
    17000000           2     1.65209    -879.475   0.0152777        0.38
    17100000           2     3.67529    -878.879   0.0194485       0.381
    17200000           2     4.06632    -876.071   0.0153761    0.347294
    17300000           1    0.166301    -887.692   0.0441016       0.338
    17400000           1     3.48214    -886.062   0.0239693      0.3454
    17500000           1     3.51851    -889.014   0.0139585        0.35
    17600000           2     5.83377    -886.835   0.0174638       0.346
    17700000           2    -1.34561    -882.088   0.0557942       0.368
    17800000           2    0.493948    -879.343   0.0380697      0.3554
    17900000           2      1.1115    -877.348   0.0259699       0.365
    18000000           1     5.19865    -887.989   0.0150481       0.353
    18100000           2    0.895149    -874.369   0.0387451      0.3564
    18200000           2     3.93573    -880.324    0.024131    0.352333
    18300000           2     1.30965    -885.089   0.0481319       0.356
    18400000           2     4.37188    -881.157  0.00957711       0.343
    18500000           2     1.32316    -880.162   0.0207644    0.358667
    18600000           2     2.94578    -880.057   0.0186433       0.339
    18700000           2    0.625348    -879.335   0.0402278       0.388
    18800000           2     -4.5758    -882.912   0.0693426       0.351
    18900000           1     4.13028    -894.839   0.0216365    0.356875
    19000000           2   -0.336724    -878.979  0.00956504       0.346
    19100000           1     5.65838    -891.317  0.00817998     0.35675
    19200000           1    -1.50188    -883.487   0.0383914       0.323
    19300000           1     5.64269    -891.899   0.0104522       0.358
    19400000           1     4.98043    -887.944  0.00521584    0.357059
    19500000           2      3.2374    -880.477     0.02698       0.406
    19600000           2   -0.958172    -879.865   0.0575617       0.352
    19700000           1     3.07733     -887.01   0.0194512    0.344333
    19800000           1     2.18456    -885.822    0.031806       0.365
    19900000           1     4.14408    -887.807  0.00440707       0.332
