BAMM 2.5.0 (2015-11-01)
Copyright (C) 2012-2014 Daniel Rabosky
BAMM is distributed under the GNU General Public License.
See http://bamm-project.org for more information.

Random seed: 1688747805

Model type: Speciation/Extinction

Reading tree from file <../../pinniped_median_full.tre>.
Tree contains 125 taxa.

Initial log-likelihood: -3562.47

Reading tree from file <../../pinniped_median_full.tre>.
Tree contains 125 taxa.

Initial log-likelihood: -3562.47

Reading tree from file <../../pinniped_median_full.tre>.
Tree contains 125 taxa.

Initial log-likelihood: -3562.47

Reading tree from file <../../pinniped_median_full.tre>.
Tree contains 125 taxa.

Initial log-likelihood: -3562.47

Running 4 chains for 20000000 generations.

  generation    N_shifts    logPrior      logLik   eventRate  acceptRate
           0           0     3.41921    -3562.47         0.1           0
      100000           2    -1.71759    -879.164    0.246429    0.376667
      200000           2    -1.52484    -883.809    0.397581       0.359
      300000           2    0.446019    -878.607    0.236607    0.358667
      400000           2    -2.35588    -879.849    0.476105      0.3735
      500000           3    -6.50129    -875.368    0.438195       0.378
      600000           2    -4.62959    -880.881    0.305662    0.367333
      700000           3    0.739833    -871.445    0.264137       0.361
      800000           2    -3.70027    -877.764    0.469554       0.328
      900000           2    -4.89696    -878.012    0.672408       0.375
     1000000           2    -2.41823    -875.766    0.544096    0.372333
     1100000           3    -2.79135    -874.876    0.472428       0.389
     1200000           2   -0.683375    -876.222    0.335449       0.366
     1300000           2     2.11475    -882.337    0.210198       0.345
     1400000           3   -0.231572     -872.68    0.259047      0.3795
     1500000           2    -5.09005    -875.376    0.387634        0.38
     1600000           2    -3.52284    -882.059    0.493604       0.394
     1700000           4   0.0480374    -865.048    0.308709       0.398
     1800000           2    -2.75846    -878.385    0.556949       0.387
     1900000           2    -4.23227    -876.607    0.198872        0.38
     2000000           2     2.53277    -881.502    0.135818       0.352
     2100000           2    -2.89735    -875.814    0.601742       0.368
     2200000           2    -2.52291    -881.308    0.315089       0.358
     2300000           2    0.796828    -878.223    0.114434      0.3622
     2400000           2    -2.47196    -879.883     0.16728        0.35
     2500000           3   -0.730376    -873.948    0.447988    0.388778
     2600000           4    -5.01266    -870.339    0.230176    0.373684
     2700000           4    0.806795    -871.852    0.147887       0.395
     2800000           2     0.02267    -878.353    0.158174       0.369
     2900000           1     2.06079    -886.157   0.0668962      0.3716
     3000000           2    -3.31609    -877.248     0.37362       0.371
     3100000           2    -2.26036    -877.086    0.205905       0.369
     3200000           2    -3.26753    -879.728    0.344831       0.396
     3300000           2   0.0266007    -879.497    0.115461       0.386
     3400000           2    0.733502    -879.238    0.176317      0.3566
     3500000           2    -5.89332     -878.95    0.120737       0.358
     3600000           2    -2.14929    -877.504    0.328904    0.368833
     3700000           2     1.42668    -876.749    0.123617       0.319
     3800000           2    0.819825    -879.688    0.177017       0.375
     3900000           2     -6.4481    -877.311    0.500305       0.388
     4000000           2   -0.182418    -875.871    0.215169      0.3701
     4100000           3     -5.1233    -874.231    0.257334       0.388
     4200000           2    0.680838    -879.393    0.243293    0.384136
     4300000           2     2.83045    -878.176    0.110486       0.374
     4400000           2    -1.95022    -875.539    0.258621       0.343
     4500000           3    -2.21762     -872.89    0.123256        0.36
     4600000           2    -6.02364    -877.646    0.688576       0.361
     4700000           2    0.753004     -877.32     0.18371       0.351
     4800000           2    -1.95491    -880.064    0.346955       0.375
     4900000           2     3.09081     -880.97     0.11676       0.334
     5000000           2    0.129846     -880.03    0.282586    0.367333
     5100000           2    -1.69508    -879.181     0.19429    0.382783
     5200000           2     2.53307    -882.389   0.0850956       0.372
     5300000           2     -4.7167    -876.142    0.365813      0.3892
     5400000           2     1.19052    -877.921    0.120563    0.373444
     5500000           2    -2.58199    -877.634    0.479203       0.357
     5600000           2    -3.03673    -875.406    0.185512       0.384
     5700000           1     -1.7994    -885.021    0.143394      0.3732
     5800000           2    0.585244    -883.075    0.205979    0.372333
     5900000           5    -9.17704    -860.651     1.01854        0.38
     6000000           2    -1.29562    -875.536    0.258037       0.373
     6100000           2    -3.82506    -882.171    0.567287        0.36
     6200000           2    -3.39102    -879.089    0.546057       0.351
     6300000           2    -1.30737    -877.898    0.238197    0.366867
     6400000           3    -2.46169    -875.603    0.433534       0.389
     6500000           3    -1.75012    -874.044    0.274395       0.376
     6600000           3    0.900182    -871.978    0.275938     0.33875
     6700000           3     1.20347    -877.888    0.144656       0.388
     6800000           3     1.19556      -876.5    0.305783       0.388
     6900000           3   -0.998099    -876.933    0.211678       0.413
     7000000           2  -0.0484964    -878.293    0.353442       0.346
     7100000           3    -0.79675    -872.411    0.372012       0.381
     7200000           2   0.0612987    -876.353     0.30131       0.361
     7300000           2   -0.875479    -882.011    0.335947        0.36
     7400000           2   -0.326932    -878.656     0.30866       0.367
     7500000           2    -2.51326     -878.38     0.16807       0.357
     7600000           2     -2.3106    -878.426    0.433985       0.385
     7700000           3    0.499673    -874.088    0.165088       0.351
     7800000           2    0.436805    -879.431    0.143478       0.358
     7900000           2    -1.29698    -879.894    0.543303       0.379
     8000000           2    -4.64469    -881.492    0.721029        0.37
     8100000           2    -4.58289    -883.573     0.33146     0.39475
     8200000           2    -1.61466    -877.028   0.0604034       0.371
     8300000           2     -2.0348    -879.722    0.168103    0.388929
     8400000           2     1.73357    -875.799    0.154117        0.34
     8500000           2    -1.09132    -879.792    0.154318       0.368
     8600000           2    -2.20841    -879.648    0.533189       0.372
     8700000           2    0.789348    -879.259    0.166322       0.328
     8800000           2   -0.132887    -877.437    0.159782      0.3514
     8900000           2     1.13071    -880.116    0.142187       0.373
     9000000           2    -2.64179    -881.955    0.286764       0.387
     9100000           2     1.83378    -882.766    0.193407       0.391
     9200000           2     3.06118    -884.898   0.0862405      0.3886
     9300000           2   -0.376058    -881.081    0.318641      0.3675
     9400000           2     0.83414    -876.168    0.135557    0.367167
     9500000           3   -0.207208    -878.297    0.306225    0.372667
     9600000           2    -3.84903    -876.176    0.473003    0.370714
     9700000           2    0.875736    -877.883    0.379423      0.3605
     9800000           2    -3.77348    -879.483    0.542506       0.344
     9900000           2   -0.562093    -882.052    0.128787    0.366722
    10000000           3    -2.92015    -873.827    0.478292       0.362
    10100000           2   -0.035487    -875.635    0.276046       0.361
    10200000           2    0.342587    -877.938    0.310356      0.3975
    10300000           2    0.730648    -878.251    0.203849    0.364273
    10400000           2    -1.44311    -877.102    0.434533       0.364
    10500000           2    0.736835    -877.924    0.185297    0.371222
    10600000           2   -0.616455    -878.295   0.0598161    0.375385
    10700000           2     2.42985    -877.108     0.12721       0.343
    10800000           2   -0.239502    -877.961     0.11432    0.357263
    10900000           4   -0.770414    -872.055    0.495272      0.4136
    11000000           2    -1.18627    -878.658    0.353481    0.372833
    11100000           3    -1.70984    -868.496    0.468522       0.407
    11200000           2    -6.28092    -881.643    0.632747       0.379
    11300000           3    0.955583    -877.047   0.0944695       0.394
    11400000           2   -0.181388     -877.65    0.230306      0.3965
    11500000           2    0.458537    -878.243   0.0386632      0.3685
    11600000           1     2.58079    -886.727   0.0934885     0.34425
    11700000           2   -0.389755    -877.162    0.302761       0.352
    11800000           2    0.408533    -880.857    0.300493       0.375
    11900000           2     2.13098    -876.932   0.0100983    0.390429
    12000000           2     1.52463    -876.859   0.0723498       0.361
    12100000           3    -3.19447     -872.43    0.460992        0.37
    12200000           2   -0.483943     -886.82    0.295548       0.394
    12300000           2   -0.945192    -879.097    0.174758    0.371571
    12400000           2    -1.74766    -878.492    0.258699    0.368667
    12500000           3    0.988367     -873.24    0.301151       0.386
    12600000           5    -4.23448    -861.477    0.657314       0.399
    12700000           2     -3.9649    -875.489    0.524741       0.379
    12800000           3    -2.56666    -878.661    0.361576       0.385
    12900000           3    -1.05389    -873.806    0.532637       0.373
    13000000           2     1.33217    -880.651    0.217991       0.355
    13100000           4     -3.3715    -877.035    0.785044      0.3637
    13200000           2     1.97094    -877.579    0.124213       0.335
    13300000           2    0.817609    -877.455    0.230017    0.352625
    13400000           2    0.195559    -876.093    0.107334       0.376
    13500000           2    -3.22761    -879.238    0.252251       0.356
    13600000           2     1.24883    -878.122    0.190747       0.338
    13700000           2    -1.63839    -880.499    0.440202       0.402
    13800000           2      2.6692    -877.458    0.114369       0.365
    13900000           2    -3.14381    -875.162    0.311467     0.38025
    14000000           3    0.043705    -871.904    0.176352        0.43
    14100000           2    -2.48039    -877.285    0.239959       0.361
    14200000           2    -1.33105    -875.362    0.427957       0.389
    14300000           2    -1.90548    -881.701    0.182517       0.351
    14400000           3    -3.10119    -871.901    0.496552    0.372333
    14500000           3    -1.59791    -875.742     0.44934         0.4
    14600000           2    -2.41079    -877.475    0.474199       0.356
    14700000           2     2.31496    -880.689   0.0636822       0.391
    14800000           3     3.80299    -873.957    0.130533      0.3785
    14900000           2       3.373    -885.738    0.166922    0.375865
    15000000           3    -1.19349    -875.993    0.480697    0.370444
    15100000           2    -1.37177    -880.336    0.510879       0.327
    15200000           2   -0.917786    -878.134   0.0490221       0.361
    15300000           2    0.800784    -879.872   0.0412272       0.374
    15400000           2     1.07501    -882.418    0.276723    0.355286
    15500000           2    -2.37671    -876.896    0.556719       0.358
    15600000           2     2.54202    -878.593   0.0482749       0.343
    15700000           2    -1.00664    -879.105    0.260728       0.386
    15800000           2    0.572443     -875.69    0.189407       0.346
    15900000           2     -4.5332    -879.006     0.24517       0.383
    16000000           2   -0.755927     -883.92    0.341201       0.387
    16100000           2    -5.59769     -877.34    0.710831    0.366848
    16200000           2    0.948092    -883.124    0.255561    0.365167
    16300000           3     1.95346    -871.078    0.291209       0.394
    16400000           2     1.57827    -876.308    0.147008       0.356
    16500000           2      1.0173    -878.786   0.0531886        0.33
    16600000           2     1.13369    -877.953    0.211892    0.370067
    16700000           2 -0.00949593    -880.457    0.192407       0.357
    16800000           2    -2.14874    -881.587    0.322088       0.377
    16900000           2     1.24622    -877.846    0.110191       0.366
    17000000           2    -5.86788    -880.986    0.541044       0.339
    17100000           3    -3.56383    -876.543    0.339305      0.3676
    17200000           3   -0.888361    -875.832    0.198569       0.367
    17300000           2   -0.826902    -877.494    0.173602    0.385769
    17400000           2    -4.63081    -878.157    0.333716        0.37
    17500000           2    -3.03388    -874.855    0.464585       0.364
    17600000           2    -4.87108    -877.906    0.409769      0.3675
    17700000           2    0.983856    -876.839    0.193808       0.363
    17800000           3    -9.53222    -880.909    0.339762       0.385
    17900000           2    -4.16189    -877.764    0.181447       0.356
    18000000           2     -2.7637     -876.49    0.460328    0.340125
    18100000           2     1.26319     -875.78    0.172875    0.377667
    18200000           2     2.00411    -876.798   0.0677759    0.395471
    18300000           2     1.18862    -880.325   0.0739968       0.342
    18400000           3    -1.82682    -875.866    0.372944        0.41
    18500000           2    -4.31806    -879.806    0.720724       0.351
    18600000           2     1.33841    -876.707    0.113282       0.354
    18700000           2    0.775105    -879.856    0.157665       0.378
    18800000           2   -0.983227    -878.764    0.464954      0.3658
    18900000           2     1.72693    -876.647     0.17365       0.375
    19000000           2     2.21229     -882.97    0.124404       0.352
    19100000           2     0.15779    -880.479    0.157554       0.356
    19200000           2    0.541569    -881.599    0.296229        0.36
    19300000           2   -0.869958    -881.217    0.206697       0.352
    19400000           3     -8.0946    -874.772    0.300393       0.403
    19500000           2     1.21936    -876.812     0.19345    0.365583
    19600000           3     2.79273    -872.928    0.148279       0.382
    19700000           3   -0.975809    -873.214    0.302488    0.389625
    19800000           2     1.42164    -880.145    0.155678       0.364
    19900000           2     2.90168    -879.018    0.080712       0.343
