BAMM 2.5.0 (2015-11-01)
Copyright (C) 2012-2014 Daniel Rabosky
BAMM is distributed under the GNU General Public License.
See http://bamm-project.org for more information.

Random seed: 1688747528

Model type: Speciation/Extinction

Reading tree from file <../../pinniped_median_noanc.tre>.
Tree contains 100 taxa.

Initial log-likelihood: -3384.29

Reading tree from file <../../pinniped_median_noanc.tre>.
Tree contains 100 taxa.

Initial log-likelihood: -3384.29

Reading tree from file <../../pinniped_median_noanc.tre>.
Tree contains 100 taxa.

Initial log-likelihood: -3384.29

Reading tree from file <../../pinniped_median_noanc.tre>.
Tree contains 100 taxa.

Initial log-likelihood: -3384.29

Running 4 chains for 20000000 generations.

  generation    N_shifts    logPrior      logLik   eventRate  acceptRate
           0           0      3.2495    -3332.57         0.1           1
      100000           1   -0.232842    -792.063    0.325186      0.3488
      200000           2   -0.773071     -782.42     0.36746      0.3718
      300000           0      3.4872    -795.124  0.00574489       0.297
      400000           2    0.906363    -784.059    0.234073       0.377
      500000           2     1.01946    -783.551    0.291721    0.263333
      600000           2     2.35275    -781.577    0.256521    0.396111
      700000           1   0.0590606    -788.151      0.3526      0.3935
      800000           1    0.865343    -787.922    0.240186        0.32
      900000           2     2.20526      -779.9   0.0678604      0.3825
     1000000           1     1.12262    -786.702    0.106494       0.374
     1100000           2   -0.603662    -783.442    0.475759      0.3959
     1200000           1    0.712106    -789.474    0.258009     0.38175
     1300000           0    0.119484    -796.695    0.287567       0.216
     1400000           1    -1.02153    -790.811    0.344495     0.29625
     1500000           1   0.0845058      -795.9    0.211793    0.292444
     1600000           1     1.24408    -786.098    0.170351       0.251
     1700000           0     3.71448    -796.113   0.0141798       0.195
     1800000           1     2.86653    -788.083    0.197713       0.408
     1900000           1     3.23982    -789.695   0.0987187      0.3294
     2000000           2   0.0596476    -778.476    0.220955      0.3526
     2100000           2     1.49509    -781.563    0.263885       0.395
     2200000           2   -0.387782    -783.762    0.254841       0.398
     2300000           3    0.425058     -780.01    0.513371       0.371
     2400000           0     2.83947    -794.715    0.054178       0.368
     2500000           2     1.70041    -783.005    0.237771    0.319375
     2600000           0     1.47247    -795.905    0.116715     0.31775
     2700000           1     1.17316    -786.981    0.062972    0.283667
     2800000           2     2.94079    -781.798    0.095164       0.394
     2900000           0     3.52019    -795.676   0.0266278      0.2835
     3000000           2   -0.146684    -781.599    0.475347       0.343
     3100000           0     3.55154    -795.995     0.03483      0.2597
     3200000           1    -1.00896    -788.317    0.410409       0.384
     3300000           2     2.19584    -783.837    0.223829       0.395
     3400000           1     4.29271    -789.348   0.0281962       0.393
     3500000           2     2.60531    -780.358    0.281227       0.343
     3600000           2     2.31108    -778.907   0.0767112      0.3765
     3700000           1     4.70706    -790.303  0.00659728    0.322714
     3800000           0     1.55282    -796.687    0.151746       0.202
     3900000           0      3.4054     -793.75   0.0219065      0.2595
     4000000           0     2.22786    -797.402   0.0541697       0.194
     4100000           0   -0.116534    -794.544    0.393834       0.295
     4200000           2    -0.16262    -780.713     0.19455       0.382
     4300000           1    -0.11132    -789.606    0.483985      0.2895
     4400000           2     1.50505    -782.273    0.150434       0.386
     4500000           2    -1.25587    -784.606    0.128262       0.378
     4600000           2     1.79662    -785.851    0.279908    0.355091
     4700000           2     2.24585    -780.168   0.0969626    0.300714
     4800000           0     1.21702    -794.988     0.26333      0.3605
     4900000           2     2.05121    -783.525     0.26749    0.340538
     5000000           2     2.82188    -784.339      0.1468       0.373
     5100000           1      1.4797    -789.306    0.137212       0.361
     5200000           1     2.32974    -791.731   0.0663434       0.376
     5300000           0     3.45633     -799.62   0.0400379    0.290222
     5400000           1    -2.46209    -791.777    0.388268       0.377
     5500000           0     2.72511    -795.792   0.0536541       0.184
     5600000           2   -0.503124    -778.773    0.327081       0.413
     5700000           0     2.80554     -795.42    0.101871    0.383437
     5800000           2   -0.230048    -782.993     0.28443       0.396
     5900000           0     3.28134    -796.202   0.0181562       0.181
     6000000           0     3.56735    -793.957   0.0226178      0.2872
     6100000           0     2.91892    -795.095   0.0356098        0.37
     6200000           1     2.99602    -787.582   0.0575115       0.274
     6300000           2      0.4285    -781.052    0.358828       0.393
     6400000           1    -1.19115    -790.466    0.160676       0.427
     6500000           1     3.08672     -787.74   0.0698406        0.23
     6600000           1    -1.06538    -788.754    0.324065       0.382
     6700000           1     3.21546    -788.253   0.0921902       0.341
     6800000           0     2.09269    -795.406    0.137742      0.2644
     6900000           0     3.81502    -796.989   0.0103988       0.231
     7000000           1     2.51861    -787.886    0.203894       0.358
     7100000           3     2.23979    -782.469    0.313002       0.412
     7200000           0    0.912814    -793.964    0.268592       0.285
     7300000           0     2.93889    -796.204   0.0994989      0.3596
     7400000           1     3.37029    -789.712   0.0954057    0.274071
     7500000           1     2.63287    -794.036    0.158462       0.397
     7600000           0     3.40359    -794.043   0.0241245       0.184
     7700000           2     4.51206    -787.568    0.122169       0.373
     7800000           1     2.75846     -789.39    0.201469      0.2745
     7900000           0     3.01248    -794.618  0.00478619       0.216
     8000000           2   -0.711461    -780.361    0.130492       0.431
     8100000           2    -0.91194     -783.03    0.285053       0.389
     8200000           3     4.32092    -783.496   0.0647614       0.401
     8300000           0     3.42949    -795.771   0.0280875       0.201
     8400000           0    0.710571    -797.569    0.159453    0.284889
     8500000           1    -0.38376    -788.602    0.186841    0.391143
     8600000           0    0.491469    -795.463    0.256502       0.232
     8700000           0    0.182011    -797.066    0.347476       0.336
     8800000           2   -0.136259    -779.259    0.177627       0.401
     8900000           1     2.99094    -788.942     0.17119       0.362
     9000000           2   -0.255046    -780.832    0.169647      0.3925
     9100000           0      2.6492    -794.933   0.0394294    0.339455
     9200000           2     1.92029    -779.212    0.149794       0.401
     9300000           0     3.06771    -795.442   0.0271758       0.206
     9400000           2    -3.01535    -783.946    0.464418       0.425
     9500000           1     2.08468    -789.947   0.0435055    0.202091
     9600000           2    0.575309    -784.148    0.301835       0.401
     9700000           0     3.66637    -796.334  0.00276007       0.206
     9800000           1    0.833595    -787.618     0.32885     0.25825
     9900000           2    -1.28604    -781.062    0.460001       0.393
    10000000           2     1.52833    -785.471    0.271261       0.391
    10100000           2     0.86709    -781.869    0.450398    0.318429
    10200000           2     2.39261    -785.112   0.0942629       0.404
    10300000           0     1.01365    -798.782     0.25732    0.315833
    10400000           1      2.3089    -786.454    0.155399       0.194
    10500000           4     4.69646    -770.386    0.175419      0.4056
    10600000           2     2.14007    -785.917    0.182909       0.414
    10700000           0      3.4376    -797.362   0.0230793      0.2685
    10800000           0     0.59229    -794.928    0.306138    0.305333
    10900000           2     1.90835    -786.712     0.39811       0.378
    11000000           2     1.03541     -791.12    0.284649       0.366
    11100000           2   -0.803714    -785.225    0.455634       0.394
    11200000           2     4.25519    -779.208   0.0336451       0.349
    11300000           0      2.9775     -794.86   0.0832289       0.288
    11400000           0     2.94691    -794.945   0.0323906       0.197
    11500000           0     2.72844    -797.553   0.0417944       0.199
    11600000           1     2.17639     -790.11    0.145197       0.371
    11700000           2     1.49129     -791.32    0.322539       0.352
    11800000           0     2.82187    -798.692   0.0991588       0.268
    11900000           0     2.11941    -795.251     0.10129        0.22
    12000000           0     2.65163     -794.14   0.0711081       0.184
    12100000           3     1.18729    -774.278    0.277553     0.37525
    12200000           2   -0.569322    -782.671    0.346276    0.395333
    12300000           1      1.9603    -787.488   0.0193993       0.375
    12400000           1     4.18051    -789.627   0.0440448    0.287923
    12500000           2     2.76858    -785.871    0.206934       0.325
    12600000           0     1.91675    -797.187    0.105625       0.302
    12700000           2     1.82564    -783.862    0.230348       0.373
    12800000           2     3.59484    -781.382    0.137238       0.351
    12900000           1     3.59503    -789.386   0.0171995       0.353
    13000000           0     3.28141    -794.546   0.0421067     0.24775
    13100000           4    -1.62419    -780.363     0.60373       0.396
    13200000           2     2.91688    -782.222    0.167965         0.4
    13300000           3     3.75055    -777.511    0.128801       0.412
    13400000           1     4.14616    -788.406   0.0581203       0.282
    13500000           2     3.88516    -781.597     0.12149       0.386
    13600000           1    0.699692    -787.625    0.256882       0.368
    13700000           0     2.76202    -795.074   0.0604783    0.268167
    13800000           0     2.33664    -794.059   0.0816272    0.256312
    13900000           2   -0.897778    -781.591    0.111676       0.405
    14000000           0    0.646098    -794.667    0.265606    0.281526
    14100000           1   -0.724078    -788.799    0.272386       0.381
    14200000           2     4.51894    -784.774   0.0681658       0.429
    14300000           0     3.28569    -793.663   0.0442755       0.167
    14400000           0     2.30753    -795.082    0.110712       0.359
    14500000           0     1.81532    -794.929      0.1821       0.305
    14600000           2    0.334899    -782.475    0.168066      0.3745
    14700000           2      2.3511    -782.551    0.171201       0.247
    14800000           2     2.08485    -783.233     0.22146         0.4
    14900000           3     3.87247    -780.565      0.1366       0.406
    15000000           1     1.90338    -788.803    0.236624       0.372
    15100000           2     1.89632    -788.703    0.260149        0.39
    15200000           0     1.87812    -794.713    0.173562       0.186
    15300000           1     4.29837    -791.052   0.0637891       0.396
    15400000           1    -2.58056    -788.926    0.325607      0.3785
    15500000           2    0.654477    -784.106    0.256467    0.395818
    15600000           1     2.19612    -789.312   0.0345044       0.215
    15700000           0     2.66334    -795.326   0.0722882       0.254
    15800000           1     3.31257    -788.945    0.068348      0.3405
    15900000           2    0.259847    -780.668   0.0656632    0.384333
    16000000           1     1.16829    -786.398    0.164131      0.3297
    16100000           2  -0.0360326    -790.315    0.432688    0.294444
    16200000           2     3.67326    -781.822   0.0908605       0.383
    16300000           0     1.75357    -793.851    0.168878     0.24975
    16400000           2     2.67119    -786.695    0.207799       0.374
    16500000           1    0.294312    -788.433    0.420788        0.31
    16600000           1     0.20252    -787.429   0.0870729      0.3005
    16700000           1     3.57743     -786.96    0.107396       0.214
    16800000           1    0.437491    -790.236    0.137268       0.398
    16900000           0     2.70988    -794.947    0.101108       0.179
    17000000           0      1.5595    -794.807    0.165893       0.192
    17100000           3     4.40758    -782.685    0.177251      0.3994
    17200000           0      3.0615    -794.922   0.0562895       0.207
    17300000           1       3.099    -790.708     0.05943    0.341857
    17400000           0     1.92674    -794.554     0.13053    0.314714
    17500000           0     3.17581    -794.473   0.0607953       0.191
    17600000           3     3.44234     -776.12    0.160478       0.417
    17700000           2    0.889039    -782.795    0.158119       0.412
    17800000           2    -2.95588     -781.53    0.650075       0.378
    17900000           3     2.91482    -782.673    0.267223    0.352727
    18000000           0     1.79843    -795.077    0.141058    0.328846
    18100000           1    -0.49946    -792.194    0.170064    0.307444
    18200000           2    -1.77522    -781.509    0.632123       0.383
    18300000           2     4.99714    -782.673     0.10355       0.373
    18400000           1     3.44095    -787.449   0.0625245       0.397
    18500000           1    0.193781    -787.628     0.19641        0.29
    18600000           0     3.67584    -793.698  0.00144681        0.28
    18700000           1   -0.386341    -793.645    0.439089    0.322571
    18800000           0     3.47084     -795.04    0.026188       0.307
    18900000           3     -12.406    -782.228    0.382218    0.393654
    19000000           0     2.36761    -795.117     0.11572       0.198
    19100000           1     2.94834    -789.106   0.0481246         0.4
    19200000           1     2.78011    -788.702   0.0389317       0.287
    19300000           0     1.58168    -795.844    0.186471         0.2
    19400000           0     2.62534    -797.483    0.113661       0.346
    19500000           1     1.41234    -786.072    0.081801    0.228389
    19600000           1     4.37913    -788.938   0.0191146       0.243
    19700000           0     2.67373    -794.316    0.112896        0.29
    19800000           0   -0.869683    -794.636     0.39886      0.2565
    19900000           0     3.07069    -795.759    0.038909       0.198
