BAMM 2.5.0 (2015-11-01)
Copyright (C) 2012-2014 Daniel Rabosky
BAMM is distributed under the GNU General Public License.
See http://bamm-project.org for more information.

Random seed: 1688747888

Model type: Speciation/Extinction

Reading tree from file <../../pinniped_median_full.tre>.
Tree contains 125 taxa.

Initial log-likelihood: -3562.47

Reading tree from file <../../pinniped_median_full.tre>.
Tree contains 125 taxa.

Initial log-likelihood: -3562.47

Reading tree from file <../../pinniped_median_full.tre>.
Tree contains 125 taxa.

Initial log-likelihood: -3562.47

Reading tree from file <../../pinniped_median_full.tre>.
Tree contains 125 taxa.

Initial log-likelihood: -3562.47

Running 4 chains for 20000000 generations.

  generation    N_shifts    logPrior      logLik   eventRate  acceptRate
           0           0    0.423476    -3325.81           2           1
      100000           2   -0.178798    -880.265     1.42476     0.39125
      200000           2    -1.20132    -876.403     2.43473       0.396
      300000           8    -4.88943     -869.35     10.0897       0.429
      400000           5   -0.386715    -875.504      1.9552    0.410667
      500000           6     3.15681     -864.65     3.89568    0.390429
      600000           5    -2.39984    -870.031     4.46625       0.406
      700000           6   -0.228813    -863.702     7.80615      0.3965
      800000           5    -5.03857    -860.428     6.69244      0.3895
      900000           3    -3.50874    -880.115     1.34563    0.386667
     1000000           5    -1.50446     -872.24     2.18815       0.401
     1100000           4    -2.23744     -867.88     2.67037       0.358
     1200000           3    -3.88194    -872.296     4.08861       0.332
     1300000           5    -1.59854    -866.462     2.79589       0.412
     1400000           4    -2.48527    -874.974     2.14853      0.3906
     1500000           5    -3.44331    -870.655     2.08402    0.404556
     1600000           4    -2.92209     -872.87     5.46759       0.414
     1700000           4    -2.41328    -873.363     6.25323         0.4
     1800000           4    0.803404    -868.625     3.57102       0.398
     1900000           9    -6.00037    -859.513     8.24249      0.4124
     2000000           3    -1.29718    -877.732     1.29317       0.391
     2100000           6     1.61273    -859.122     4.92273    0.403733
     2200000           6   -0.946952    -880.218     3.71988       0.388
     2300000           6    -4.08428    -860.254      5.3263       0.416
     2400000           5   -0.422473    -875.342     1.94168       0.433
     2500000           5   -0.235467    -872.578     6.40731       0.425
     2600000           6     3.76027    -863.287     2.54508    0.380588
     2700000           6   -0.393614    -867.042     6.15116    0.395556
     2800000           6    -4.39739    -861.632     4.13998       0.392
     2900000           4   -0.126765    -869.082     3.69468       0.381
     3000000           7     3.62825     -873.73     3.31746        0.41
     3100000           7   -0.734616    -862.944     9.32336       0.416
     3200000           4    0.280258    -861.906      1.8579       0.412
     3300000           4     1.30745    -871.486     2.37745       0.416
     3400000           4     1.81386    -871.832     4.23269     0.40325
     3500000           5     1.48566    -863.497     4.91223       0.363
     3600000           4    -3.09069    -870.496     1.30398       0.345
     3700000           5    -3.12448    -866.725     2.88327      0.3634
     3800000           6    -1.04099    -866.694     4.65739       0.432
     3900000           4    0.748403    -863.171     1.58803       0.398
     4000000           4   -0.852312    -867.456    0.996273       0.404
     4100000           7     1.24955    -860.572     2.36562       0.411
     4200000           5     2.49769    -866.415     2.15714         0.4
     4300000           6   -0.516865    -866.917     3.51456       0.408
     4400000           4    -3.82783    -874.099     6.45913        0.43
     4500000           6   -0.772407    -863.028     3.58166       0.432
     4600000           6    -2.34505    -868.706     2.45839        0.39
     4700000           6    -2.06327    -863.865     5.76814       0.415
     4800000           7      3.8719    -874.863     4.54276       0.412
     4900000           5    -1.74384    -875.693     1.83286       0.382
     5000000           5    -5.84418    -862.745      2.3465    0.416429
     5100000           7    -10.9087    -859.297     5.75179       0.399
     5200000           6    -2.65444      -863.9     5.46956    0.413167
     5300000           6    -6.98817     -863.89     5.96436       0.422
     5400000           4    -2.40051    -874.981     2.20338       0.381
     5500000           5    -2.49344    -862.381     9.26392      0.3965
     5600000           3    0.269407    -878.336     1.51356       0.396
     5700000           6    -2.99751    -866.526     3.95277    0.399833
     5800000           7    0.989078    -858.181     4.66491     0.41175
     5900000           4  -0.0980854    -864.793     2.33436        0.41
     6000000           7    0.339975    -865.919     6.67114       0.421
     6100000           3   -0.428214    -874.709     2.78187    0.368667
     6200000           6    -1.91744    -871.841      4.3343    0.406667
     6300000           5     1.77267     -874.01     2.81357    0.413091
     6400000           3    -1.73133    -874.954     1.66603       0.404
     6500000           6     2.59636    -867.885     4.28596       0.444
     6600000           6    -9.77723    -863.617       3.909       0.401
     6700000           8     2.22495    -858.342     7.47139    0.407286
     6800000           2     -2.5051    -881.851     2.40537    0.395667
     6900000           3    -3.41665    -869.952     3.19166       0.367
     7000000          10    -7.53012    -859.485     9.98901       0.406
     7100000           5    -1.36357    -862.063     8.96019       0.384
     7200000           7   -0.270128    -867.691     5.51476       0.404
     7300000           6     -1.2262    -865.195     3.19281      0.4095
     7400000           2    -4.31344    -875.492     4.10463       0.379
     7500000           8    0.883434    -862.737     6.63077       0.438
     7600000           6    -1.89255    -871.922     5.51059      0.4245
     7700000           6     1.10319    -861.793     3.35825       0.425
     7800000           5   -0.114784     -862.49     3.29805       0.361
     7900000           4   -0.567102     -878.78     2.92554       0.374
     8000000           7    -1.79053    -864.193     2.53643      0.4055
     8100000           6    -5.53768      -866.9     9.14277       0.395
     8200000           4   -0.145674    -869.212     4.05479    0.402154
     8300000           8    -5.77063    -860.303     6.40481      0.4535
     8400000           4   -0.129563    -871.406     3.97135       0.391
     8500000           7    -3.88981    -868.881     5.15887       0.452
     8600000           5   -0.118956    -869.455     3.05351       0.401
     8700000           6     4.62358     -861.19     1.68766      0.3885
     8800000           6    -4.67651    -859.586     7.08927       0.402
     8900000           5    -5.41033    -871.876      2.5058       0.404
     9000000          10     2.58459    -862.135     5.32081       0.422
     9100000           4     -3.3789    -866.907     3.53261    0.400278
     9200000           6    -5.62586     -859.48     5.37131       0.399
     9300000           4   0.0639863    -877.313     1.70213      0.3885
     9400000           6      2.3848    -868.141     1.47016       0.412
     9500000           7    -1.01264    -868.372     7.06317       0.427
     9600000           4     1.74076    -868.272     2.06713       0.395
     9700000           3    -2.42408    -879.105     2.69933       0.396
     9800000           5     1.40662    -863.106     3.69125        0.39
     9900000           5   -0.394071    -866.935     5.10527        0.37
    10000000           6  -0.0528773    -867.707     4.31927       0.405
    10100000           4    -5.34088    -870.007     3.06686       0.379
    10200000           3     -3.7557    -873.185     1.07416     0.39625
    10300000           3    -1.57806    -876.176     2.90307      0.3975
    10400000           5    -4.21934    -871.498     5.00344       0.379
    10500000           7    -1.88218    -865.244     6.80807       0.403
    10600000           4    -1.09635    -879.913     3.19783    0.404143
    10700000           5   -0.107858    -874.576     2.71292    0.374333
    10800000           8    -2.65724     -859.87     7.47277       0.436
    10900000           7    -4.12232    -865.824     5.04723      0.3965
    11000000           4    -4.35437    -871.146     6.27081       0.428
    11100000           5   -0.165369     -868.42     4.64469      0.4065
    11200000           5    -2.70661    -861.222     3.61044       0.377
    11300000           3    -3.43297    -876.921     4.01631    0.370176
    11400000           3     1.26018    -877.754     1.47313       0.422
    11500000           5    -1.47504    -864.015     3.44903       0.403
    11600000           5     1.46814    -872.115     5.11839       0.406
    11700000           7    -1.70529    -864.985     6.49629       0.392
    11800000           4    0.637366    -864.526     2.07375       0.367
    11900000           4    -2.06065      -867.6        1.73       0.402
    12000000           6    0.850716    -870.121     5.66998      0.3845
    12100000           4    -1.21354    -864.438     3.52504       0.412
    12200000           2    -1.04822    -878.804     2.06283       0.361
    12300000           4    0.943639    -869.969     5.97496      0.4115
    12400000           4    -3.58349    -865.336     5.08892    0.396895
    12500000           7   -0.399232     -862.74      3.4805    0.414333
    12600000           5    -1.02515    -861.217     4.28973       0.365
    12700000           8    -3.13253    -864.957     8.78028       0.372
    12800000           6    -1.68784    -873.203     5.00291       0.399
    12900000           5    -4.95673     -868.43     2.02285       0.408
    13000000           6      -4.133     -865.74      4.3345        0.44
    13100000           7    -1.53277    -859.804     6.98243     0.41675
    13200000           7     3.35276    -868.216     3.39479       0.422
    13300000           6    -2.82295    -862.916      5.4132    0.404357
    13400000           8    -1.86605    -861.253     6.52403       0.383
    13500000           6    -4.70091    -865.794      5.9187     0.39175
    13600000           6   -0.850784    -856.085     3.43808        0.41
    13700000           5    -1.85234    -871.912      5.4492       0.376
    13800000           3   -0.568578    -878.839     1.69514      0.3215
    13900000           5    -7.25461    -873.285     10.4355       0.441
    14000000           5    -5.00701    -870.247     4.29378      0.4228
    14100000           5    0.581468    -867.784     2.39901    0.394625
    14200000           8    0.317207    -863.789     8.92983    0.432667
    14300000           6    -2.62274    -866.173     7.40926    0.418333
    14400000           4    -3.47518    -881.058     2.04962        0.39
    14500000           4     -1.3187    -877.826     2.75014       0.405
    14600000           7     1.26229     -863.02     7.62195    0.413143
    14700000           5    0.487842     -865.26     3.21905       0.406
    14800000           4    -3.33863    -873.802     3.58226    0.393133
    14900000           4    -2.25661    -876.148     1.99337      0.3805
    15000000           5    -2.33918    -862.591     4.41713      0.3515
    15100000           5    -2.67345    -862.821     2.62957       0.367
    15200000           7     -4.2822    -854.434     10.1927       0.377
    15300000           3     1.29984    -878.781     2.21351      0.4065
    15400000           4    0.254067    -869.716     1.36549    0.401429
    15500000           5    -6.96736    -869.415     1.69195       0.404
    15600000           7   -0.671865     -864.77     5.18187       0.447
    15700000           2    -2.46084    -878.624     1.14826       0.372
    15800000           4    0.137811    -867.486     1.76551        0.39
    15900000           5    -6.71795    -866.967     2.55504     0.40881
    16000000           2    -1.12386    -879.821     2.51731       0.382
    16100000           5    -0.31126    -868.504     4.11411       0.385
    16200000           8    -5.68716    -867.561     3.06264      0.4305
    16300000           6    -2.12574    -870.606     7.07778    0.386353
    16400000           6     -3.2638    -871.034     5.26909      0.4114
    16500000           2     -3.9481     -877.82     2.57996       0.363
    16600000           2    -2.24377    -881.427     2.86798    0.376556
    16700000           3    -4.67191    -873.322     2.97329      0.3806
    16800000           2     -2.0851    -880.068     1.41594       0.373
    16900000           5    -10.8354    -864.668     4.08738       0.432
    17000000           5     -3.5128    -865.022     4.06408       0.407
    17100000           3    -4.57905    -875.693     2.28976       0.395
    17200000           6    -0.60716    -860.909     2.48634       0.412
    17300000           6      1.4145      -862.5     3.37081        0.41
    17400000           6   -0.662118    -857.434     4.21991      0.3795
    17500000           7     2.47789    -858.617     3.54865    0.416125
    17600000           2    -4.08404    -876.757     1.98374       0.366
    17700000           8    -0.44876    -857.492     7.72855       0.442
    17800000           5    0.130721    -870.093      1.7861       0.418
    17900000           4   -0.726332    -867.498     3.40478      0.4057
    18000000           4    -1.25192    -866.018     3.84535       0.381
    18100000           2   -0.834398    -880.541      2.8866      0.3691
    18200000           4    0.965848    -872.981     2.52838       0.397
    18300000           5     1.62017    -862.926     5.32967       0.421
    18400000           5   -0.310978    -868.055     6.00311      0.3942
    18500000           7    -2.52244    -863.244     6.10518       0.414
    18600000           6    -8.76239    -864.972     5.27994     0.36925
    18700000           2    -1.40415    -876.541      1.5723       0.383
    18800000           5    -2.09884    -864.191     5.59784      0.3846
    18900000           6    -2.20617    -868.797     4.65726    0.390333
    19000000           4     -3.1285    -866.789     5.94585        0.45
    19100000           5    -2.13842    -871.323     2.49868      0.4055
    19200000           4    -6.06953    -869.213     5.32677       0.405
    19300000           5     -4.6813     -862.65     3.92367       0.396
    19400000           7    -5.91362     -867.09     11.9828       0.421
    19500000           5    -9.20948    -862.739      5.7922    0.394387
    19600000           4    -1.71213    -869.909     4.90201      0.3653
    19700000           4    -1.80146    -876.152      2.0973       0.383
    19800000           4    -4.29281    -873.138     2.52303       0.367
    19900000           4   -0.337369    -865.253     2.50572    0.393947
