BAMM 2.5.0 (2015-11-01)
Copyright (C) 2012-2014 Daniel Rabosky
BAMM is distributed under the GNU General Public License.
See http://bamm-project.org for more information.

Random seed: 1688747429

Model type: Speciation/Extinction

Reading tree from file <../pinniped_median_noanc.tre>.
Tree contains 100 taxa.

Initial log-likelihood: -3384.29

Reading tree from file <../pinniped_median_noanc.tre>.
Tree contains 100 taxa.

Initial log-likelihood: -3384.29

Reading tree from file <../pinniped_median_noanc.tre>.
Tree contains 100 taxa.

Initial log-likelihood: -3384.29

Reading tree from file <../pinniped_median_noanc.tre>.
Tree contains 100 taxa.

Initial log-likelihood: -3384.29

Running 4 chains for 20000000 generations.

  generation    N_shifts    logPrior      logLik   eventRate  acceptRate
           0           0     1.00863    -3384.29           1           0
      100000           3   -0.226189    -784.664      1.8061       0.423
      200000           6    0.947013    -766.668      3.1502       0.438
      300000           4    0.448755     -781.45     3.07805       0.407
      400000           3     0.68757    -782.619     1.98856    0.398385
      500000           3    0.708833    -775.728     2.98939       0.366
      600000           6    -1.66499    -771.983     3.35825        0.42
      700000           3   -0.393738      -776.1     2.48109       0.412
      800000           2    -3.05629    -784.245     3.55012      0.4024
      900000           2    0.159692    -785.345    0.677143       0.402
     1000000           4    -5.10817    -773.844     3.10117       0.412
     1100000           4     2.32485    -774.606     1.42446       0.424
     1200000           2     1.24238    -782.397     0.89559       0.407
     1300000           3     1.44585    -785.097     2.91798       0.364
     1400000           3   -0.347789    -773.264     2.92054     0.42775
     1500000           2     1.56856    -784.367    0.895037       0.376
     1600000           1    -2.52516    -789.638    0.870455       0.436
     1700000           3   0.0170515    -775.547     2.66507      0.3717
     1800000           2     1.35041    -781.093     2.14447    0.388875
     1900000           4    0.914615    -773.203     2.64225       0.418
     2000000           4    -1.58405    -772.526     1.34087       0.425
     2100000           3    -1.90894    -782.624      2.3287      0.3915
     2200000           2    0.453536    -786.157      1.6235      0.4206
     2300000           7    0.599155    -768.263     3.69717       0.417
     2400000           2    0.292012    -782.732    0.950509       0.384
     2500000           4     3.47446     -782.89     1.66815      0.3934
     2600000           2    -2.15734    -779.632     0.87876       0.383
     2700000           5     -4.0832    -778.776     1.19804       0.409
     2800000           2    -1.18005    -782.942     2.19859    0.397286
     2900000           2    -3.89289    -783.026     2.97226      0.4012
     3000000           2     2.60186    -787.644     0.97778       0.404
     3100000           8    -1.15449    -770.247     3.74925    0.409588
     3200000           3   0.0940091    -782.943      2.4919       0.414
     3300000           6    -4.46851    -760.995     2.59372       0.426
     3400000           3     2.36719      -780.4    0.716347       0.399
     3500000           4    -1.67779    -776.214     2.76904     0.40375
     3600000           5     2.64448    -773.054     1.43164       0.395
     3700000           5     2.80562    -773.267     2.70452       0.405
     3800000           4    0.142495    -773.788     0.55834       0.405
     3900000           5    -2.40877    -771.692     4.08904       0.448
     4000000           4    -3.30201    -777.649     2.51698       0.421
     4100000           5     2.49027     -778.49     1.88309    0.412176
     4200000           1     1.93389     -790.91    0.273677    0.404571
     4300000           4    -2.84203    -773.684     3.53011     0.40325
     4400000           3    0.433538    -778.605     2.20848       0.419
     4500000           4     2.19127    -775.774     1.42192    0.416714
     4600000           3    -1.83858    -773.432     1.33098    0.397579
     4700000           3    -1.16095    -777.671     2.56495       0.419
     4800000           6     1.87468    -771.391     3.71236       0.405
     4900000           2    0.398932    -784.788     2.14098      0.4135
     5000000           5      3.0749    -767.088     1.80155       0.385
     5100000           4    0.784877    -767.413     2.62729       0.425
     5200000           6     2.40381     -779.76     1.26668       0.448
     5300000           3     1.16927    -776.043    0.975013       0.378
     5400000           3     4.51561    -777.238    0.402886       0.366
     5500000           2    -2.99885    -780.504      3.6179      0.4115
     5600000           2     1.15519     -784.95    0.921556     0.40625
     5700000           6    -1.59976    -770.926     4.62381     0.42028
     5800000           3   -0.318668    -783.285    0.838989      0.3945
     5900000           6    -3.49613    -762.366     2.66067       0.407
     6000000           4    0.445061    -776.965     2.01396    0.407071
     6100000           5    -2.12379    -771.859     4.87759       0.378
     6200000           3    -1.14216    -777.574      1.2044       0.388
     6300000           4    0.147676    -778.034    0.981562       0.358
     6400000           2     1.08204    -783.491     1.03174       0.355
     6500000           4     2.35398    -768.674     2.05829       0.389
     6600000           4      3.0169    -770.938     1.31365         0.4
     6700000           3    0.262702    -781.874     1.43579       0.425
     6800000           4   -0.669009    -779.388     2.06264       0.432
     6900000           4   -0.633517    -783.991     2.40555       0.465
     7000000           5     1.78438    -777.432     2.93011       0.398
     7100000           2    0.397388     -783.52    0.724867       0.339
     7200000           4     -2.6298    -774.127     3.38166      0.3865
     7300000           4    -1.02198    -770.235     2.98126       0.406
     7400000           5     1.59629    -779.667     3.39825      0.4225
     7500000           2    -1.79607    -785.588     2.11164    0.402882
     7600000           3    -3.60985    -777.037     4.27678       0.415
     7700000           5      3.9578    -766.762     1.82844       0.386
     7800000           7    -1.03142    -776.242     2.22317        0.41
     7900000           3     1.20038    -781.461     2.75336       0.381
     8000000           4   0.0993647    -774.211     1.29173    0.412333
     8100000           3    -1.50012    -779.221     2.85822     0.40105
     8200000           6    -2.31565    -763.781     2.28607       0.417
     8300000           4     1.48818    -782.014     3.26836       0.427
     8400000           3    0.437591    -778.351     2.15035     0.41325
     8500000           6   0.0802679    -761.548     1.79286       0.444
     8600000           6     2.00416    -778.378     2.47822       0.432
     8700000           2    -2.11722    -787.068    0.471357       0.425
     8800000           5    -2.32311    -767.737     2.43796     0.40125
     8900000           2     1.65164    -782.806    0.787526    0.411714
     9000000           5    -3.12144    -770.727     3.64075       0.417
     9100000           4    -4.42714    -772.353     2.79419       0.373
     9200000           2     1.30067    -779.752    0.523173       0.401
     9300000           4    -1.33347    -774.237     3.52539    0.393333
     9400000           3     1.88775    -779.036      1.4961       0.397
     9500000           2   -0.425543    -788.376     1.44755       0.386
     9600000           5    -4.04144    -770.815     3.68133      0.4042
     9700000           7    -7.43937    -764.715     4.16785       0.424
     9800000           5     1.54707    -767.925     3.69747       0.432
     9900000           4   -0.447855    -774.183     1.14247       0.429
    10000000           6    -2.66638    -777.888     3.06163    0.426333
    10100000           2   -0.282594    -783.795    0.613577      0.3995
    10200000           3     -3.8101    -776.594     1.12346    0.372667
    10300000           6     1.87945     -770.07     2.53992       0.401
    10400000           5   -0.792262    -767.339     6.01608    0.408061
    10500000           4     3.02992    -779.976     1.88141    0.398667
    10600000           2    -1.06456    -783.061    0.590034         0.4
    10700000           2    0.850654    -786.247     1.77667    0.403423
    10800000           2    0.932563    -785.652     1.84192       0.368
    10900000           4   -0.166772    -779.703     4.62773    0.395455
    11000000           3   -0.452454    -779.223     3.31706       0.407
    11100000           4   0.0641805    -774.972      2.4147       0.408
    11200000           4    -2.11003    -771.953     2.31103       0.404
    11300000           5    0.221479    -768.651     2.52865    0.415667
    11400000           4       2.093    -774.702     2.35281       0.432
    11500000           2     2.02292    -783.198    0.788069       0.386
    11600000           2    -2.54226    -783.966     1.47378     0.39325
    11700000           4    0.329979    -768.402     1.73337       0.386
    11800000           5    -2.76818    -776.102     4.43886       0.356
    11900000           4    -1.49336    -771.602     2.56057       0.447
    12000000           2    -0.85094    -781.283      1.0461        0.43
    12100000           5    0.166239    -775.771     2.11455       0.386
    12200000           5    -0.47036    -763.897     2.56284       0.441
    12300000           2   -0.386811    -783.185    0.808892    0.378667
    12400000           5     1.40355    -769.605     2.28978       0.399
    12500000           4      1.2717    -772.242     3.40298       0.423
    12600000           5    -2.64126    -768.061     3.57161       0.423
    12700000           2   -0.986031    -781.757    0.916052       0.378
    12800000           2     1.58922    -781.463    0.475387    0.396118
    12900000           2     2.69204    -781.158    0.708426       0.338
    13000000           4    -2.07885    -783.779     1.32784       0.439
    13100000           2   -0.943381    -781.446     1.58713    0.400636
    13200000           4     2.20661    -775.869     2.38603       0.375
    13300000           4    0.665516    -777.889     2.42394       0.418
    13400000           5     2.67584    -770.498     1.55504       0.463
    13500000           5     1.12307    -766.238     3.07369       0.443
    13600000           2     0.64737    -781.315     1.14755       0.406
    13700000           1   -0.218588     -791.42     1.36813      0.4029
    13800000           3    -1.08567    -778.922     1.24955    0.432143
    13900000           4     2.11044    -769.588     2.42951       0.428
    14000000           5     -1.6604    -770.898     2.13511       0.403
    14100000           2   0.0468982     -782.12     1.03634       0.416
    14200000           2     1.89071    -787.313     0.39824         0.4
    14300000           2    0.175255    -786.056      1.6519      0.4085
    14400000           2    -1.45855    -784.374     2.52006      0.4294
    14500000           2   -0.881713    -782.867     1.04014    0.406875
    14600000           4    -1.77348     -771.05     1.93151    0.408176
    14700000           4     3.01252     -787.62     1.67132    0.404214
    14800000           0    0.633377    -793.761     0.66448      0.3715
    14900000           6    -7.27208     -774.72     5.16057       0.383
    15000000           3     1.49633    -786.342     2.35058    0.403286
    15100000           1   -0.913411     -790.69    0.343693      0.4006
    15200000           4     2.10562    -773.082     2.39605    0.408667
    15300000           6   -0.964821    -766.567     5.34396       0.456
    15400000           3     1.65103    -778.941     1.29154       0.378
    15500000           3   -0.267576     -789.08     2.83684       0.412
    15600000           3     2.17173    -774.995     1.72879       0.375
    15700000           2    -3.00954    -782.405     3.89002      0.3955
    15800000           5     2.11235    -775.807     2.07611       0.425
    15900000           2    -1.97041    -781.675    0.872036       0.406
    16000000           5      1.1117     -775.07      2.1074    0.394615
    16100000           5    0.624154    -769.716     1.10029      0.4092
    16200000           7     5.22701    -763.991     2.24887       0.453
    16300000           2   -0.300217    -780.353     1.22733    0.410048
    16400000           2   -0.870441    -787.676     1.41002       0.385
    16500000           5    -2.74524    -770.147     1.66608       0.406
    16600000           3    -1.20186     -778.91     0.54859       0.379
    16700000           4     2.91962    -770.872     1.88838       0.387
    16800000           2    0.255193    -781.264     1.42623    0.409667
    16900000           3   -0.240505    -774.012     2.71189       0.406
    17000000           4    -3.23152     -778.04     3.88303    0.403333
    17100000           4    -6.46409    -775.187     2.96778       0.426
    17200000           3     1.73613    -774.573    0.397925    0.408333
    17300000           2   -0.854134    -783.373     1.60542        0.41
    17400000           2    0.461676    -781.113     1.11607       0.397
    17500000           4     1.63504    -771.348     1.70703    0.383333
    17600000           2    -1.14286    -780.352     3.21844    0.416667
    17700000           2    -2.86477    -787.507     3.11728      0.3835
    17800000           3    0.986142    -778.589      3.8238       0.374
    17900000           4    -5.24192    -771.061     5.80197       0.404
    18000000           3       2.376    -778.604    0.801753    0.416667
    18100000           2      2.3628    -784.241     0.38544       0.401
    18200000           4    -6.55167    -772.651     3.43379       0.415
    18300000           3     1.86291    -776.603     2.55453       0.404
    18400000           6   -0.954942    -775.777     5.56677        0.44
    18500000           2    -0.95091    -782.283     1.92285     0.42375
    18600000           4     -5.5908    -772.768     3.72476       0.433
    18700000           6    -0.82066    -772.881     3.20555    0.426333
    18800000           2   -0.140531    -783.621     1.43315       0.371
    18900000           2    0.106498    -786.408    0.986416       0.389
    19000000           7     2.74534    -772.299      3.7213       0.483
    19100000           2    -1.88287    -779.019    0.360945    0.399714
    19200000           5    -2.27105    -767.824     5.06404      0.4255
    19300000           4    0.901264    -776.522      3.6814       0.434
    19400000           2     -1.6902    -781.766     2.86491       0.386
    19500000           5     -2.8501    -773.048     3.18139      0.4375
    19600000           5   -0.451234    -779.407     2.20905       0.442
    19700000           3     2.13377    -788.586    0.689749       0.409
    19800000           4     3.06253    -778.912    0.866097      0.4275
    19900000           2   -0.666496    -779.868     1.92319       0.401
