BAMM 2.5.0 (2015-11-01)
Copyright (C) 2012-2014 Daniel Rabosky
BAMM is distributed under the GNU General Public License.
See http://bamm-project.org for more information.

Random seed: 1688747914

Model type: Speciation/Extinction

Reading tree from file <../../pinniped_median_full.tre>.
Tree contains 125 taxa.

Initial log-likelihood: -3562.47

Reading tree from file <../../pinniped_median_full.tre>.
Tree contains 125 taxa.

Initial log-likelihood: -3562.47

Reading tree from file <../../pinniped_median_full.tre>.
Tree contains 125 taxa.

Initial log-likelihood: -3562.47

Reading tree from file <../../pinniped_median_full.tre>.
Tree contains 125 taxa.

Initial log-likelihood: -3562.47

Running 4 chains for 20000000 generations.

  generation    N_shifts    logPrior      logLik   eventRate  acceptRate
           0           0    -8.73795    -3511.75          10           1
      100000           5    -3.53653    -867.195     4.17913    0.394214
      200000           8     2.42918    -867.933     6.40795       0.389
      300000           5    -5.81695    -869.586     3.77274       0.373
      400000           7    -4.36115    -855.087     10.0791       0.378
      500000           5    -3.86702    -866.498     4.56713      0.3877
      600000           6   -0.730294    -868.129     7.03044    0.393667
      700000           7     2.41155    -863.919     10.1967       0.418
      800000           6    -1.65315    -859.697     5.86839       0.438
      900000           5   -0.697572    -870.067     6.15139      0.3545
     1000000           6   -0.556078     -868.99     9.06586       0.431
     1100000           4    -4.20617    -872.884     4.04169       0.368
     1200000           5   -0.421243     -857.48      4.5044       0.354
     1300000           8     3.49016    -857.451     4.25124    0.422333
     1400000           7    -2.23895    -857.995     5.58111       0.375
     1500000           7    -1.39319    -859.608     13.1656      0.4045
     1600000           5    -5.32299    -862.547     10.8335      0.4007
     1700000           4    -3.31372    -873.227     2.31725    0.406857
     1800000           5     1.45692    -859.898     5.61955    0.409364
     1900000           6     2.14208    -860.545     7.85077      0.3725
     2000000           7    -2.82719    -862.157     8.05268    0.432333
     2100000           6    -5.61135    -862.587     8.61373       0.398
     2200000           4    -2.72935    -876.974     6.94211       0.384
     2300000           5    -2.25987    -869.572      7.1589       0.425
     2400000          16     5.31423     -857.35     13.9027       0.424
     2500000           5   -0.361381    -864.413     10.6217    0.396545
     2600000           6     2.72219    -865.525       8.866     0.40925
     2700000           9   -0.256515    -860.252     4.85071      0.3818
     2800000           7    -1.14941    -867.509     6.79252       0.439
     2900000           7     0.66747    -868.138     6.07663       0.431
     3000000           9     2.84318    -864.107     6.90117       0.452
     3100000           6     -2.7485    -867.025      3.9545       0.413
     3200000           5     1.51353    -863.183     5.50483    0.391714
     3300000           4    -1.39886    -871.433     4.85429        0.39
     3400000           8   -0.688609      -874.7     6.22312    0.422333
     3500000           6   -0.477997    -873.623     6.09436       0.386
     3600000           4    -1.28381     -873.39      5.0686      0.3815
     3700000           7     -0.8795    -867.288     8.37053    0.412273
     3800000           6    0.455472    -870.131     7.35302        0.41
     3900000           4    -2.27702    -865.833     6.45516       0.409
     4000000           8    -1.76762    -857.544     5.00545    0.423455
     4100000           5    -7.08762    -867.737     10.0637       0.373
     4200000           3    -4.03497    -872.287     4.73488         0.4
     4300000           5    -2.86525    -860.572     2.56423       0.379
     4400000           6   -0.448599    -873.247     7.96165    0.419857
     4500000           4    -1.01258    -868.477     9.33668    0.415143
     4600000           4    -1.44284    -872.031     4.51605       0.404
     4700000           7     1.98071    -875.966     14.4417       0.437
     4800000           8    -5.76118    -858.061     9.39873       0.406
     4900000          12     4.46224    -867.923     5.98306       0.431
     5000000           8     2.23625    -868.876      10.343    0.413412
     5100000           8    -1.36441    -865.462     16.3633      0.4054
     5200000           7     -7.8532    -856.355     12.5781       0.407
     5300000           8    -1.51123     -857.57        7.96       0.393
     5400000           5    -4.81189    -864.002     8.42737    0.396556
     5500000           9    -3.64346    -865.808     9.45351        0.42
     5600000           6    -1.26687    -861.813      6.0336    0.407333
     5700000           8    -2.19812     -859.67     13.7458    0.413857
     5800000           5    -1.51935    -866.464     7.23326       0.385
     5900000           4    -1.64837    -865.646     5.26815    0.418615
     6000000           4    -1.02112    -870.056     3.28803       0.406
     6100000           9     -7.0509    -860.638     11.0466    0.407882
     6200000           3   -0.590951    -874.362     3.21346       0.374
     6300000           4   -0.581939    -867.207     5.11999       0.327
     6400000           5    -4.98511    -865.269     2.99686    0.409333
     6500000           6     -4.1048    -864.487     3.82665       0.382
     6600000           6   -0.584198    -867.336     5.34951       0.404
     6700000           3     -3.6337    -877.864     4.32454      0.4025
     6800000           7    -5.46981    -860.754     9.70481       0.445
     6900000           8     3.30941    -871.261     12.2705       0.429
     7000000           4    -7.08043    -867.394     2.44141    0.386778
     7100000           7     4.17715    -868.536     6.22702       0.393
     7200000           8    0.293232    -860.397     11.6262    0.421375
     7300000           7     2.21604    -863.591     9.11377    0.382333
     7400000           6      -2.794    -859.898     6.05077      0.4025
     7500000           2    -3.57523    -875.459     3.88938    0.409455
     7600000           5   -0.271688    -867.233       6.801    0.379667
     7700000           7    -2.46437    -863.073     6.66356       0.426
     7800000           7      1.0605    -858.726     7.02538       0.411
     7900000           5    -4.05983     -859.99     3.94842    0.413833
     8000000           4    -1.91963    -870.644     4.24124    0.380111
     8100000           7   -0.773229    -862.734     6.39184    0.407074
     8200000          10    0.420688    -854.519     12.9749       0.412
     8300000           6    -4.43427    -862.445     14.6125       0.428
     8400000           7    -1.44797    -858.009     3.62709       0.416
     8500000          12   -0.454629    -860.901      12.774        0.42
     8600000           8     0.42973     -859.03     7.17633       0.393
     8700000           6  -0.0556445    -862.275     5.63957        0.41
     8800000          10    0.823114    -856.717     10.1009       0.394
     8900000          12     4.70925    -869.805     8.56935       0.453
     9000000          10     2.05504    -862.449     10.0785       0.433
     9100000           9    -4.77921    -864.152     7.03142       0.385
     9200000           6   -0.547757    -860.474     5.90857    0.390333
     9300000           5    -2.82228    -862.956     1.80388    0.389917
     9400000           7    -2.89517    -860.784     14.5927    0.417167
     9500000           6    -5.86957    -858.555     8.40213       0.432
     9600000           6    0.930909    -863.197     9.23851       0.407
     9700000           6    -3.60283    -859.558     6.64249       0.425
     9800000           6    -1.89937     -860.07     3.83935    0.415294
     9900000           8   -0.991698     -866.84     6.53538        0.41
    10000000           9    -3.03776    -862.266     17.0555    0.410667
    10100000           8    -5.55105    -872.696     7.46264       0.426
    10200000           6    -1.17146    -859.216     3.79105       0.358
    10300000           4    -2.83586    -870.945     2.58507       0.371
    10400000           5    -1.50002    -864.914     3.45878    0.406667
    10500000           5    0.258438    -868.181      8.6301    0.386143
    10600000           3    -2.87413    -874.747     1.86655       0.403
    10700000           6    -2.73569    -861.126     13.2107      0.4072
    10800000           6    0.680813    -862.389     7.59178       0.359
    10900000           4    -1.82203    -866.169     3.17387      0.4012
    11000000           6    -1.32953     -863.63     6.69767    0.414667
    11100000           6    -1.93387    -861.599     6.47055       0.357
    11200000           7    -2.16607    -866.836     5.45473    0.420917
    11300000           4     2.76233    -873.739     2.94457       0.407
    11400000           8    -1.01406    -872.158     9.46617    0.416545
    11500000          13     -4.1738     -856.21     19.4037       0.407
    11600000           7     1.36657    -866.291     2.48183       0.399
    11700000           5    -1.16113    -869.014      4.7764       0.406
    11800000           6    0.920718    -870.704     4.46188      0.3852
    11900000           4    -3.18682    -869.354     4.98506       0.384
    12000000           6     4.20987    -864.872      10.711       0.385
    12100000           5    0.598922    -862.703     6.45135    0.389385
    12200000           5    -4.81711    -867.086     2.34769        0.39
    12300000           8    -1.95285    -861.562     7.62088    0.375333
    12400000           7    -2.22167    -864.029     7.96514       0.419
    12500000           6    -4.68236    -861.185     5.70207       0.362
    12600000           5    -1.81449    -860.119     3.86845      0.4099
    12700000           8     1.08265    -859.042     6.55299       0.416
    12800000           3    -4.11376     -873.93       2.076    0.395667
    12900000           5    -3.46147    -864.182     4.07292    0.400111
    13000000           5    -6.19845    -862.255     7.54847       0.358
    13100000           4   -0.221973    -876.904     4.14952     0.40973
    13200000           3    -2.16037    -874.559     5.42632       0.354
    13300000          10    -13.5735    -856.258     11.8693    0.414947
    13400000           5    -5.50286    -862.239     3.85019       0.369
    13500000           4    -1.83874    -873.543     4.14341     0.40725
    13600000           7    -5.78677    -856.314     5.46557       0.362
    13700000           4    -1.66466    -869.197     4.47665       0.368
    13800000           9     3.90596    -857.772     5.32843    0.415875
    13900000           7     0.48425    -863.902     10.2496     0.44525
    14000000           3    -1.89422    -877.059     3.06842       0.386
    14100000           7    -5.17747     -855.23      4.3531    0.407636
    14200000           6     -1.9493    -857.207     5.22506      0.3995
    14300000           6    -3.24123    -861.364     8.09217       0.374
    14400000           9     4.39535    -865.549     8.54561    0.390389
    14500000           5    -4.08912     -869.09     7.89382       0.418
    14600000           5   -0.652478    -857.292     7.80683    0.400714
    14700000           8    -7.21149    -858.725     15.2251       0.417
    14800000           5  -0.0369102    -872.516     3.44666    0.395556
    14900000          10    -6.86021    -859.882     16.3676       0.406
    15000000           4   0.0767662    -864.894     5.17427     0.36575
    15100000           6   0.0721918    -858.352      7.9895    0.401667
    15200000           9     2.30404    -858.451     8.45594      0.4154
    15300000           4    -2.70259    -866.092     3.25596       0.379
    15400000           6    0.396237     -862.06     5.06577       0.398
    15500000           4    -1.36731     -873.93     3.49028        0.43
    15600000           8    -4.23439    -854.595      9.2102       0.415
    15700000           5    -2.03238    -879.283     4.54751    0.399594
    15800000           6      0.7971      -863.7     5.59277       0.411
    15900000           7     2.89621    -860.813     4.92502       0.402
    16000000           4    -1.64946    -866.384     6.38791       0.337
    16100000           5   -0.130759    -870.625     3.04339       0.411
    16200000           6    -1.11541    -864.878     7.28433      0.4086
    16300000           8     -2.8161    -870.428     12.2651    0.413182
    16400000           8     3.95771    -860.404     11.0674       0.434
    16500000           7    0.413203      -868.1      5.6266       0.412
    16600000           6   0.0345592    -860.922     8.38401    0.406208
    16700000           7      0.5831    -868.206     6.04908     0.41375
    16800000           8    -2.81975    -858.763     6.99239       0.409
    16900000           5   -0.885544    -868.824     4.64976      0.4038
    17000000           7     2.88188    -861.208     7.61172       0.426
    17100000           6    -3.04965    -857.265     4.45528       0.398
    17200000           4   -0.913491    -873.593      1.5542       0.371
    17300000           5    -1.33741    -867.781      7.1334      0.4075
    17400000           6    -2.87495    -859.946     4.59661       0.369
    17500000           7     -3.4552    -854.736     6.71168    0.392889
    17600000           5   -0.519951    -874.054     6.05366      0.3937
    17700000           8    -2.69957    -857.366      8.6069    0.426111
    17800000           7     4.08069    -869.766      3.6594       0.403
    17900000           7     2.12863    -866.461     11.4631    0.419333
    18000000           7     -3.8508    -864.279     10.0777       0.419
    18100000           5    -1.66881    -861.751     8.09527       0.409
    18200000           6      -1.614    -864.895     7.10009    0.409667
    18300000           5     -4.1134    -866.368     5.41187    0.372625
    18400000           8    -6.13288    -862.129     8.84751    0.425667
    18500000           5    -4.25679    -875.272     5.29136       0.421
    18600000           4    -2.75027    -868.344     6.51788       0.411
    18700000           7  -0.0206315    -861.026     6.58997       0.431
    18800000           6    -1.90327    -863.252     4.54411       0.374
    18900000           6     2.61161    -855.917     6.87616       0.367
    19000000           6    -4.94465    -860.854     5.46876       0.443
    19100000           5   -0.944325    -864.291     5.44632    0.408417
    19200000           4   -0.789476    -876.415      7.0315       0.412
    19300000           6     -3.3311    -871.083      5.5232       0.435
    19400000           5   -0.481514    -880.157     3.64382       0.374
    19500000           4   -0.380129    -874.907     2.82098       0.369
    19600000           7    0.803404    -864.148     6.74143       0.398
    19700000           7     6.51107    -872.172     4.81497       0.392
    19800000           4    -1.76561    -868.531     2.45153      0.3866
    19900000           3   -0.771163    -878.905     6.67281       0.353
