BAMM 2.5.0 (2015-11-01)
Copyright (C) 2012-2014 Daniel Rabosky
BAMM is distributed under the GNU General Public License.
See http://bamm-project.org for more information.

Random seed: 1688747707

Model type: Speciation/Extinction

Reading tree from file <../pinniped_median_full.tre>.
Tree contains 125 taxa.

Initial log-likelihood: -3562.47

Reading tree from file <../pinniped_median_full.tre>.
Tree contains 125 taxa.

Initial log-likelihood: -3562.47

Reading tree from file <../pinniped_median_full.tre>.
Tree contains 125 taxa.

Initial log-likelihood: -3562.47

Reading tree from file <../pinniped_median_full.tre>.
Tree contains 125 taxa.

Initial log-likelihood: -3562.47

Running 4 chains for 20000000 generations.

  generation    N_shifts    logPrior      logLik   eventRate  acceptRate
           0           0     1.11662    -3562.47           1           0
      100000           3   -0.697752    -875.244     1.00476    0.388556
      200000           2    -4.10616    -879.213     1.17294    0.387667
      300000           4    -1.80701    -866.771     2.72575       0.371
      400000           3      -2.317    -883.827      1.0288    0.396889
      500000           5     3.14992    -865.703     1.50188       0.407
      600000           3     0.17264    -878.208     1.34093        0.35
      700000           4    -1.11706    -875.545    0.974651      0.4165
      800000           4    -1.94404    -871.786     1.93581         0.4
      900000           5   -0.343628    -870.871     1.84036       0.396
     1000000           6     -4.1025    -862.124     3.82561       0.395
     1100000           4     1.03667    -870.759     2.18564        0.37
     1200000           4    -4.03152    -869.202     4.43099    0.399687
     1300000           4    -5.64778    -864.147      4.0271       0.379
     1400000           4   -0.637508    -867.535     2.74196    0.391889
     1500000           5    0.476856    -869.974     3.39595       0.439
     1600000           2    0.320801    -880.099    0.737632      0.3804
     1700000           4    -4.75042    -867.791     5.15063      0.3815
     1800000           3    -2.01104    -879.514     1.19921       0.402
     1900000           6     1.84222    -870.069     2.58729      0.3886
     2000000           4   -0.881221    -875.819     3.16378       0.395
     2100000           5     2.04771    -872.192     2.30852       0.373
     2200000           3    -2.54073    -874.875    0.668056       0.373
     2300000           5     2.71873    -869.731     1.40387       0.411
     2400000           3   -0.650156    -880.069     1.87706       0.335
     2500000           4    -4.86124    -863.056     3.84973       0.357
     2600000           3    -1.60465    -875.097     1.75314       0.413
     2700000           5      -2.522    -862.858     4.00415       0.373
     2800000           5    -6.04702    -863.894     2.49051    0.396556
     2900000           5     2.73422    -867.427     1.53514       0.335
     3000000           4    -2.06734    -871.547     3.60694       0.394
     3100000           4    -2.89904    -879.288     2.46064     0.38015
     3200000           9    -4.96196    -860.869     5.00175    0.421667
     3300000           7    -4.50033     -869.04     2.81339      0.4044
     3400000           5     0.33083     -866.24     2.72152      0.4085
     3500000           4   -0.800231    -866.439     1.76933    0.372467
     3600000           6     3.35794    -865.278     2.72879        0.42
     3700000           5   -0.442073    -872.447     3.01169    0.396769
     3800000           2   -0.849019     -879.02     1.17501      0.3975
     3900000           5    -4.53978     -859.88     3.79345       0.389
     4000000           6    -1.73085    -872.151     2.17891       0.393
     4100000           2    -5.54746    -876.606      2.0851      0.3864
     4200000           3    -4.62524    -869.545     1.44699    0.383087
     4300000           2    -1.55061     -876.39    0.535988    0.361286
     4400000           3   -0.416417    -875.004     2.38456       0.398
     4500000           5    -1.08267    -861.566     3.79587       0.384
     4600000           5    -5.94956    -865.319     3.65936        0.41
     4700000           8    -10.3685    -863.023     6.59957      0.4178
     4800000           3    -2.24769    -875.867     4.73169      0.3715
     4900000           4    -11.6063    -869.909     5.38089       0.435
     5000000           4    -3.15231    -864.153     3.35541    0.400667
     5100000           5     1.63419    -864.152     1.85065      0.3915
     5200000           6   -0.204619    -861.028     1.69025       0.426
     5300000           6    0.203302    -867.323     3.56236       0.391
     5400000           5   -0.104028    -869.866     3.95347       0.415
     5500000           7    0.456853    -866.101      2.2609     0.39725
     5600000           5    -1.42134    -867.651      3.1997      0.3858
     5700000           4     -1.1189    -875.742      1.2864       0.399
     5800000           4   -0.783313    -868.325    0.806148    0.397478
     5900000           5    -4.19822    -861.119     3.26259       0.417
     6000000           6    -1.16647    -867.939      3.1319       0.403
     6100000           3    -1.00637    -878.384    0.738118       0.364
     6200000           2    -13.2782    -874.982     1.16322       0.361
     6300000           7     2.19721    -864.353     3.22959         0.4
     6400000           7    -3.10735    -868.097     3.84789    0.412167
     6500000           8   0.0253124     -866.65     4.73217       0.399
     6600000           4    -8.34513      -872.9     4.96988        0.41
     6700000           3    -5.15319    -878.725      2.3539    0.360667
     6800000           3     1.30844    -872.659     1.37165         0.4
     6900000           3    -1.56773    -875.871     3.15541       0.351
     7000000           6    -4.82403    -861.107     3.57261       0.408
     7100000           2    -1.41211    -875.535     1.44587       0.379
     7200000           5   -0.907429    -857.498     2.80058       0.375
     7300000           6    -1.53141     -868.15     5.39068      0.3965
     7400000           5    0.159743    -867.427     2.37155       0.384
     7500000           2    0.476268     -879.87    0.366941       0.379
     7600000           6    -4.63973    -861.831     5.56151       0.399
     7700000           3   -0.402895    -872.633     0.93415    0.397759
     7800000           5    -2.97393    -863.485     3.51869       0.397
     7900000           4    -4.18867    -874.937     3.69552    0.408133
     8000000           5    -2.14974    -859.691     3.21192       0.377
     8100000           2    -1.15426     -878.52    0.640107       0.366
     8200000           4    0.517502    -865.502     1.51331      0.3945
     8300000           2   -0.968282    -878.153    0.987073       0.378
     8400000           2    -1.78676    -879.095     3.03188       0.419
     8500000           4    -1.63544    -875.005      2.4239       0.397
     8600000           5    -3.67304    -865.346     3.89262       0.392
     8700000           5    -1.33501    -864.568     2.34159      0.3905
     8800000           6    -4.94054    -866.641     3.16327     0.41275
     8900000           4    -2.81941    -878.013     3.37904       0.353
     9000000           5     -2.5522     -872.89     2.25331    0.397133
     9100000           5     1.15387    -864.245     2.13137       0.377
     9200000           4    0.837383     -870.05     1.89125      0.3675
     9300000           2    -5.32517    -882.856    0.584557       0.365
     9400000           5 -0.00380725    -861.733     3.90444       0.388
     9500000           2    -4.74535    -878.955    0.529057       0.367
     9600000           1    0.657519    -886.836    0.842018       0.394
     9700000           6    -9.97476    -866.328     6.84336      0.4015
     9800000           8     1.04713    -865.545     5.97739       0.373
     9900000           6    -1.54148    -872.941     4.36089    0.402538
    10000000           4    -3.17637    -874.587     4.85797      0.3726
    10100000           3    -5.11714    -878.179     3.24141      0.3915
    10200000           2    -3.30632    -879.246     2.57991    0.365667
    10300000           5    -4.46393    -874.786     5.59926       0.391
    10400000           5   -0.388314    -875.536     4.73881       0.398
    10500000           5     2.62691     -869.52     2.32184     0.41825
    10600000           3  0.00346835    -874.592    0.666998        0.35
    10700000           4    -4.34697    -872.082     4.12275       0.399
    10800000           2    -1.08507    -878.784     2.27199    0.379556
    10900000           4    -2.49739    -869.909     2.01064       0.401
    11000000           4    0.788691    -866.495     2.75986    0.406783
    11100000           3    -10.9802    -870.368     2.59561      0.3765
    11200000           4    -8.08747    -866.859     3.54676       0.393
    11300000           2     1.34513    -879.416    0.220805       0.332
    11400000           7  -0.0151369    -858.806     3.34541    0.396364
    11500000           5    -3.54384    -863.357     3.79933       0.408
    11600000           4    -1.75726    -870.277     2.56861      0.4102
    11700000           2    -3.95983    -876.182     1.52955       0.372
    11800000           7    -8.93109    -867.866     5.77745    0.395286
    11900000           3   -0.776042    -870.633     2.00436       0.365
    12000000           3    -5.19674    -870.043     4.85622    0.400429
    12100000           2    -3.85414    -880.732     1.58068       0.389
    12200000           2    -4.48785    -877.414     3.48265       0.398
    12300000           3   -0.932999    -872.981    0.837585       0.366
    12400000           4     2.07091    -873.536     1.20664    0.400375
    12500000           2    -1.77739    -879.251     1.30104       0.359
    12600000           8    -2.10005     -870.32     3.77409       0.426
    12700000           5    -5.70977    -869.328     3.26994       0.397
    12800000           4     1.09265    -868.138     2.39457       0.376
    12900000           6   0.0692308    -868.528     1.90245      0.4225
    13000000           5   -0.256439    -866.883     3.05788    0.401769
    13100000           8    -7.92178    -867.455     8.78994      0.4122
    13200000           3    -3.33489    -874.359     2.44682       0.418
    13300000           5    0.807583    -869.381     2.29604       0.366
    13400000           2     1.51972    -880.126    0.439393      0.3555
    13500000           6     2.16718    -867.868     1.88428        0.39
    13600000           4    -1.66939     -863.76     1.16609       0.352
    13700000           6   -0.922343    -866.797     2.91841        0.39
    13800000           5     -3.2988     -868.09     4.25826       0.373
    13900000           2   -0.896626     -879.01    0.829787    0.355143
    14000000           3    -1.08683    -873.195     3.14001       0.414
    14100000           4    -2.54507    -869.026     3.79073       0.388
    14200000           4   -0.750682    -875.164     2.50087       0.414
    14300000           2    -1.10484    -878.999     0.58855       0.359
    14400000           4    -1.41651    -866.275     2.40489       0.419
    14500000           6     1.92262    -870.318     3.25683         0.4
    14600000           5    -1.94398    -863.181     1.97584       0.366
    14700000           8     2.79155     -874.72     3.17789    0.435667
    14800000           3   -0.542952     -882.42     1.09606      0.3923
    14900000           5    -3.38499    -857.057     2.19103       0.406
    15000000           3    -4.10951    -878.353     2.59561     0.39481
    15100000           4    -4.66886    -874.402     5.90941       0.417
    15200000           4   -0.895286    -868.355     2.83406    0.391143
    15300000           2   -0.775667    -880.167     1.32439    0.382333
    15400000           3    -1.05379    -874.325     2.60029    0.385667
    15500000           4   -0.135371    -865.998     2.38543       0.373
    15600000           2   -0.536221    -880.009     2.11614      0.3425
    15700000           3   0.0685645    -872.836     1.93828       0.404
    15800000           3    -1.46289    -874.434     1.00256       0.379
    15900000           7    -5.36804    -865.813     4.41691       0.375
    16000000           6    -1.03781     -862.04     3.63574      0.4315
    16100000           3    -2.35032    -876.088     3.71716    0.381688
    16200000           3    -2.59953    -874.973     2.69528       0.373
    16300000           2    -1.64237    -875.621    0.775974       0.355
    16400000           6     3.06383    -859.428     2.40276    0.383667
    16500000           6    -6.93218    -855.776     2.32083       0.397
    16600000           3    -1.36623    -871.554     1.49333    0.396571
    16700000           5    -4.56808     -875.43     5.73181       0.379
    16800000           4    -3.81839    -875.286     1.54605    0.395167
    16900000           5  -0.0355756    -872.053     2.91318       0.398
    17000000           4     -6.7696    -863.098     2.44713      0.4025
    17100000           5    -5.58552    -865.694     1.92115       0.406
    17200000           5    -2.23128    -861.003     3.55114       0.378
    17300000           3    -5.60106    -875.425     5.09665      0.4026
    17400000           5    -2.06207    -864.756     5.36625       0.404
    17500000           4     1.44793    -869.522     1.66748    0.364714
    17600000           2    -1.97744    -882.386    0.994269       0.365
    17700000           3    -1.97409    -882.054     1.87918       0.389
    17800000           6    -6.25796    -861.941     4.58591       0.411
    17900000           4    -5.30061    -868.227     6.59441       0.395
    18000000           6   -0.527882    -868.789     1.54426      0.4085
    18100000           5    -2.59894    -865.964     4.14821    0.416636
    18200000           4    -1.02515    -867.624     3.38738    0.381923
    18300000           5   -0.611743    -864.499     2.81946    0.399857
    18400000           5     1.94827    -864.916     1.79908       0.401
    18500000           4     -2.1869    -870.526     2.66133       0.411
    18600000           5   -0.252649    -864.092    0.515548    0.411444
    18700000           2    -1.56114    -877.775     1.95379       0.394
    18800000           5      2.3368    -867.037     1.09439      0.4085
    18900000           5    -1.11433    -869.523     1.73604       0.401
    19000000           6   -0.212452    -866.178      4.3701    0.369077
    19100000           5     -1.6297    -859.646     2.28122    0.397368
    19200000           5    -1.49259    -876.594     5.67705    0.399692
    19300000           4    -3.51131    -874.552     2.66607       0.415
    19400000           4     1.72112    -872.291     1.69062       0.389
    19500000           3    -1.63228    -876.976    0.756531    0.378667
    19600000           6    -7.33909    -866.331     3.27932      0.3815
    19700000           3    -1.51864    -874.628     2.66075       0.379
    19800000           3    -3.92837    -884.895     1.93503     0.35575
    19900000           6     2.51868    -870.339     2.24707       0.403
