BAMM 2.5.0 (2015-11-01)
Copyright (C) 2012-2014 Daniel Rabosky
BAMM is distributed under the GNU General Public License.
See http://bamm-project.org for more information.

Random seed: 1688747577

Model type: Speciation/Extinction

Reading tree from file <../../pinniped_median_noanc.tre>.
Tree contains 100 taxa.

Initial log-likelihood: -3384.29

Reading tree from file <../../pinniped_median_noanc.tre>.
Tree contains 100 taxa.

Initial log-likelihood: -3384.29

Reading tree from file <../../pinniped_median_noanc.tre>.
Tree contains 100 taxa.

Initial log-likelihood: -3384.29

Reading tree from file <../../pinniped_median_noanc.tre>.
Tree contains 100 taxa.

Initial log-likelihood: -3384.29

Running 4 chains for 20000000 generations.

  generation    N_shifts    logPrior      logLik   eventRate  acceptRate
           0           0    -1.86497    -3358.69          10           1
      100000           4    -2.97458    -774.156     3.21701    0.404333
      200000           6    0.875735    -765.726     3.88928       0.415
      300000           5     1.92605    -771.962     6.20142       0.378
      400000           6     1.51548    -767.838     8.42955       0.437
      500000           3   -0.209325    -778.334     2.04937    0.416571
      600000           5    -2.66626    -767.526     2.07698       0.426
      700000           5     1.67477    -780.415     10.8647       0.416
      800000           4     0.36614    -772.946     3.81773      0.4085
      900000           2     -6.2541    -779.213     3.55064       0.421
     1000000           8    0.498642    -778.681     7.87077       0.443
     1100000           4    0.463759    -779.269       2.669       0.364
     1200000           5     2.38969    -781.094     3.84176       0.418
     1300000           5   0.0633855    -771.359     7.05394       0.377
     1400000           4      1.8948    -774.677     4.03015    0.402889
     1500000           4   -0.322698     -784.19     3.74022    0.423833
     1600000           4   -0.620271    -768.803     4.88226    0.411333
     1700000           5     2.39832    -771.216     6.56379       0.405
     1800000           2    -2.23521    -778.845     3.85752       0.406
     1900000           3    -1.69317    -779.166     3.32521    0.414333
     2000000           6     2.07923     -771.22     5.25943       0.431
     2100000           4     1.54913    -773.184     6.53424      0.4225
     2200000           3    0.872485    -781.385     1.56438      0.4008
     2300000           6     3.37535    -764.106     5.38622      0.4309
     2400000           8      2.5282    -765.002     10.1963       0.437
     2500000           4   -0.037266    -770.657     4.07558       0.415
     2600000           4    -1.49295    -768.316     7.69776       0.384
     2700000           4    0.154021    -768.623     8.01862    0.423667
     2800000           5    -5.09931    -774.953     1.87564    0.399813
     2900000           4    -3.89391    -772.447     2.46406    0.406846
     3000000           4     2.63394    -779.563     2.30415    0.411333
     3100000           2   -0.224606    -781.031     2.27425       0.376
     3200000           6    0.446633    -765.188     8.14656       0.441
     3300000           6      1.1686    -764.941     6.14505       0.407
     3400000           9     1.99192    -771.289     5.74793        0.39
     3500000           4     2.38061    -776.993     3.87439    0.420593
     3600000           2   -0.038219    -782.185     4.50699       0.416
     3700000           6      -5.155    -776.323     4.92813       0.425
     3800000           4    -3.24893    -771.982     5.14708        0.44
     3900000           5  -0.0490358    -769.092     11.2916      0.3825
     4000000           4    -3.22418    -774.646     9.24982       0.402
     4100000           4     -1.1593    -766.857     4.62017       0.406
     4200000           5      1.9119    -768.212      5.7419       0.412
     4300000           4  -0.0621284    -771.816     3.67517        0.43
     4400000           5     3.18176    -773.343     3.59568      0.4485
     4500000           7    -5.40489    -768.979     7.71829       0.436
     4600000           9      -1.224    -777.378     17.0014       0.439
     4700000           3    -5.15356    -782.165     5.88332       0.425
     4800000           5   -0.221759    -771.013       3.105       0.418
     4900000           5     -3.3027    -767.749     5.79055    0.423357
     5000000           8    0.798781    -771.434      4.4697      0.4521
     5100000           5    -2.33233    -774.353     6.53269       0.417
     5200000           4    0.420705    -777.392     11.4974       0.392
     5300000           5   0.0679855    -773.937     9.18759    0.419143
     5400000           6    -1.99951    -764.843     9.66863      0.4265
     5500000           3     2.65614    -776.829     1.45764    0.406857
     5600000           7     1.82019    -771.151     5.62979       0.412
     5700000           4      -2.124    -777.464     5.30365       0.393
     5800000           5    -3.07906     -783.14     9.85521       0.401
     5900000           3    -2.01389    -775.738     1.68832       0.393
     6000000           3    -1.06011    -777.984     2.15428        0.41
     6100000           4    -1.86573    -771.752     2.00436       0.463
     6200000           5   -0.598157    -768.466     4.68779     0.38175
     6300000           5    -6.67987    -765.201      8.8931       0.392
     6400000           5    -1.07694    -773.943     6.04249       0.448
     6500000           5     1.02406    -773.183     6.53694       0.421
     6600000           4    0.994412    -779.313     3.14248    0.416909
     6700000           4     2.67954    -774.516     1.79129      0.3875
     6800000           5     1.24264    -767.544     2.58453       0.408
     6900000           8     2.25912    -772.811     11.6353       0.442
     7000000           4     0.45812    -778.307     4.70518    0.399667
     7100000           6    -3.76618    -759.098     6.90939       0.401
     7200000           6    -1.40575    -771.611     6.06189       0.346
     7300000           4    0.857098    -773.373     2.03624       0.428
     7400000           4   -0.351428    -770.309     3.86474    0.378333
     7500000           7    -2.36267     -764.48     3.31785       0.424
     7600000           6     1.66869    -768.968     4.66957    0.432333
     7700000           2    -1.28184     -782.22     4.90756       0.378
     7800000           6      2.2532    -772.747     4.53845    0.435545
     7900000           6   -0.676964    -775.197     3.56216    0.412818
     8000000           3    0.724686    -782.273     6.12495    0.371125
     8100000           3    -2.66311     -783.24     3.41707    0.416538
     8200000           6     1.23163    -767.478     4.58198        0.43
     8300000           7     2.75624     -759.47     7.08806      0.4116
     8400000           3   -0.304283    -776.956     1.56921     0.43425
     8500000           4    -2.88381     -775.65     4.32076     0.41725
     8600000           4    -1.69845    -777.555     8.30293    0.406714
     8700000           7     1.03105    -769.797      4.6343       0.459
     8800000           6    -2.12343    -786.153     5.65774       0.445
     8900000           1    -0.89199    -789.845     2.30665      0.4144
     9000000           7     3.22889    -771.067       4.077       0.387
     9100000           5    -2.05565    -764.239     3.70178    0.414077
     9200000           2    -3.64675    -783.937     6.77534       0.394
     9300000           5    -2.09598    -774.546     6.46645       0.398
     9400000           6     -3.7719    -770.107      6.8822      0.4322
     9500000           4     1.62382    -773.329     3.97314       0.407
     9600000           5     1.66987    -766.789     4.85253    0.389167
     9700000           5     2.27425     -769.85     4.02118       0.426
     9800000           7     3.65973    -767.101     3.96608       0.422
     9900000           5   -0.245075    -770.929     6.85868       0.413
    10000000           6   -0.699835    -768.043     5.24397      0.4595
    10100000           5     1.45132    -775.082     5.77482    0.393688
    10200000           4     -0.2605    -777.615     6.58721    0.391286
    10300000           5   -0.527102    -779.113     6.41597       0.433
    10400000           5     3.52274    -772.531     5.09217    0.408833
    10500000           6     1.78178    -780.307     3.95113       0.403
    10600000           5     1.20307    -782.711     3.86662      0.4366
    10700000           4     -4.0137    -769.469     2.71088      0.4196
    10800000           4    -4.12377    -772.813     4.59926       0.414
    10900000           6    -2.27026    -770.468     4.01021       0.418
    11000000           4     2.69684    -774.292     3.95213      0.4255
    11100000           3      2.1617    -785.394     4.26592       0.431
    11200000           7    -1.75871    -765.084     6.24937      0.4426
    11300000           4    -1.19098    -772.442     1.95739       0.421
    11400000           4   -0.749901    -780.437     7.86174       0.408
    11500000           5       1.682    -770.963     4.29483       0.439
    11600000           4    -2.87181    -772.049     2.63505       0.403
    11700000           4    0.980432    -786.586     6.27749      0.4162
    11800000          11     4.89918    -762.073     8.63087    0.437929
    11900000           5    -2.61272    -776.841     2.96211    0.399667
    12000000           2    -3.04689    -786.185     2.66589    0.384333
    12100000           5    -2.65785    -777.057     5.60198        0.42
    12200000           7     3.41511     -768.55     9.35128       0.427
    12300000           3    -3.96679    -777.592     4.50107       0.408
    12400000           3   -0.283988     -775.08     3.58459       0.418
    12500000           5     1.53398    -767.855     3.81051       0.416
    12600000           4     2.92558    -768.305     1.73397      0.4144
    12700000           4     1.70917    -780.281     2.30911    0.423133
    12800000          11    -1.52589    -778.565      12.855       0.443
    12900000           4    -1.30925    -772.556     10.5766      0.4135
    13000000           6   0.0779051    -778.602     6.87252       0.422
    13100000           3     1.77808     -775.23     1.14338       0.418
    13200000           5     2.13149    -768.736     8.71562       0.396
    13300000           4     2.84387    -768.804     2.12593       0.448
    13400000           5  -0.0224006    -767.046     4.07046       0.395
    13500000           1    -2.61995    -789.034    0.893733       0.431
    13600000           4     2.40588    -775.827     3.77334       0.433
    13700000           5    -1.57028    -782.561     7.09258       0.424
    13800000           4    -1.01973    -776.069     4.54232       0.423
    13900000           7    -1.00119    -769.692     9.59728       0.438
    14000000           6     1.35922    -772.347     5.63446       0.425
    14100000           5    -4.71798     -775.98     3.46869        0.43
    14200000           6     2.76362    -771.648     10.7865       0.422
    14300000           6    0.600177    -775.674     7.00057         0.4
    14400000           6   -0.968275    -761.991     6.65707       0.403
    14500000           7     1.76096     -772.13     6.10363      0.4185
    14600000           7     2.41371     -774.78     4.88769       0.415
    14700000           5    -2.17513    -771.511     9.14879    0.423583
    14800000           3     1.48141    -775.363     7.26609       0.365
    14900000           6    0.348726    -771.021     4.03418       0.409
    15000000           5    -1.47803    -771.599     11.0069       0.427
    15100000           5      1.2839    -770.711     4.66259       0.374
    15200000           5    0.339401    -764.895      10.346       0.422
    15300000           7     1.85296    -766.178     8.13711        0.41
    15400000           6     -2.2332    -767.702     3.42179      0.4152
    15500000           2    -4.32527    -782.319     1.90744       0.397
    15600000           5    0.157042    -767.563     4.71236    0.422556
    15700000           6     1.30575    -772.927     3.03869       0.431
    15800000           4    -2.57122    -771.366     2.05567        0.45
    15900000           2  -0.0993163     -781.58    0.867735       0.374
    16000000           3    -2.58203    -783.132      4.7469      0.4018
    16100000           2    -0.43225    -783.388     3.46931    0.422667
    16200000           4  -0.0733984    -775.589      3.6898    0.414333
    16300000           4    -2.45709    -774.732     5.79017       0.404
    16400000           9     1.33377    -775.777     10.9141        0.44
    16500000           4     3.05237    -779.148     8.98257       0.403
    16600000           8     1.04205    -770.803     12.3657        0.45
    16700000           2   -0.414563    -783.324     2.33804       0.385
    16800000           7    -1.58258    -772.251     5.90901       0.428
    16900000           7       1.665    -772.583     11.2697       0.389
    17000000           6     2.35508    -770.155     5.33377    0.425375
    17100000           6     2.97387    -767.961     5.10986       0.424
    17200000           6     2.81575    -772.974     9.86847       0.414
    17300000           6    -4.18136    -766.664     6.06466        0.42
    17400000           3    0.909876    -777.832     5.38469       0.442
    17500000           8     3.40323     -766.33     8.61603       0.435
    17600000           6     2.01839    -772.402     4.33152       0.411
    17700000           6     1.75018    -762.856     2.16589       0.421
    17800000           3   -0.551783    -785.277     4.70434       0.381
    17900000           4     -3.0222    -776.664     1.57374    0.410222
    18000000           6     2.40579      -768.9     8.91473    0.412687
    18100000           3     1.12669    -780.647     3.34589      0.4075
    18200000           9    0.248614    -772.409     11.2726       0.454
    18300000           2    -1.61307    -779.438     4.22636       0.424
    18400000           8     2.07567    -762.447     5.49072    0.425643
    18500000           5    -1.94465    -773.975     4.25152       0.411
    18600000           4   -0.100791    -773.637     5.21731       0.425
    18700000           3     2.06054     -777.26     3.02554       0.388
    18800000           3    0.300737    -783.453     5.91622       0.402
    18900000           3     -4.5652    -779.116     2.09409      0.4105
    19000000           4    0.585745    -769.853     2.11434       0.389
    19100000           5   -0.513225    -768.818     11.2032      0.4045
    19200000           5      2.3249    -774.146     8.55425    0.412375
    19300000           2    -1.85843     -785.73     2.16094       0.411
    19400000           5     1.05295    -769.033      4.6931        0.41
    19500000           2   -0.745286    -785.131     3.52091       0.391
    19600000           5    -0.45926    -777.407     5.50816       0.421
    19700000           4    0.382619    -778.577     3.87835       0.411
    19800000           8    -3.07882    -772.243     4.64736       0.429
    19900000           4     1.50052    -772.885     6.58791      0.4296
