BAMM 2.5.0 (2015-11-01)
Copyright (C) 2012-2014 Daniel Rabosky
BAMM is distributed under the GNU General Public License.
See http://bamm-project.org for more information.

Random seed: 1688747565

Model type: Speciation/Extinction

Reading tree from file <../../pinniped_median_noanc.tre>.
Tree contains 100 taxa.

Initial log-likelihood: -3384.29

Reading tree from file <../../pinniped_median_noanc.tre>.
Tree contains 100 taxa.

Initial log-likelihood: -3384.29

Reading tree from file <../../pinniped_median_noanc.tre>.
Tree contains 100 taxa.

Initial log-likelihood: -3384.29

Reading tree from file <../../pinniped_median_noanc.tre>.
Tree contains 100 taxa.

Initial log-likelihood: -3384.29

Running 4 chains for 20000000 generations.

  generation    N_shifts    logPrior      logLik   eventRate  acceptRate
           0           0    0.315486    -3384.29           2           0
      100000           5     1.29943    -776.057     1.34639       0.438
      200000           2    -1.72634    -781.472     2.73446       0.426
      300000           4    -4.96981     -773.81      0.9766        0.39
      400000           2    -0.10997    -787.895     2.07653    0.413333
      500000           3   -0.448629    -781.542     1.55435       0.363
      600000           5    -2.07086    -777.584     7.35891       0.419
      700000           4     1.29596    -773.205     5.42571       0.392
      800000           2    -2.80282    -780.369     1.61604       0.421
      900000           2    -2.79949    -780.069     2.43695       0.419
     1000000           3   -0.125226    -780.182     2.11171     0.40825
     1100000           2   0.0724453    -785.052     2.65014    0.402077
     1200000           5     3.03033    -770.288      3.5196    0.412889
     1300000           4     3.64363    -771.181     2.90377       0.394
     1400000           3   -0.662179    -783.038     3.01992        0.42
     1500000           2   -0.949688    -780.482    0.827197      0.3828
     1600000           5     4.82317    -778.738     2.61183        0.39
     1700000           5     3.03751    -773.265     2.43436    0.392714
     1800000           5   -0.650958    -768.642     3.38361        0.39
     1900000           5    -0.65146    -771.152      3.7885      0.4285
     2000000           3   0.0647521    -782.337     3.22885       0.427
     2100000           2     0.85317    -785.936    0.842025       0.416
     2200000           2     1.46871    -783.565     2.17143      0.3867
     2300000           4     2.66912    -765.975     3.04079       0.399
     2400000           5   -0.342296    -764.945     3.40592        0.36
     2500000           2     1.00299    -784.359     1.40647      0.4159
     2600000           4     1.46982    -771.739     3.10593       0.403
     2700000           4     2.69613    -783.108     3.50966       0.394
     2800000           7     1.74643    -770.582      2.6436       0.426
     2900000           6   -0.306025    -777.601     5.07713       0.429
     3000000           5     2.47477    -770.956     2.00873       0.411
     3100000           2    -2.52167    -780.025     1.97095      0.3895
     3200000           6    -2.41231    -768.237     7.09242       0.412
     3300000           4    -1.43848    -774.232    0.856985       0.389
     3400000           3    0.887247    -782.098     2.25989        0.42
     3500000           5    0.920076    -775.254     4.17603       0.412
     3600000           3     -0.3978    -777.214     2.59734       0.388
     3700000           7     2.41693    -766.135     6.18572       0.392
     3800000           4     1.79051     -780.99     4.45276    0.404286
     3900000           2   -0.870621    -783.054      3.4267       0.408
     4000000           5    0.255751    -769.211     2.36935       0.389
     4100000           4    -2.33283    -770.148     3.67026       0.365
     4200000           4   -0.770143    -774.633     4.86152       0.424
     4300000           6     0.18707    -767.088     4.88872       0.405
     4400000           2    0.401763    -786.088     1.14608    0.401125
     4500000           4   -0.308934    -771.466     4.72442       0.387
     4600000           4    0.246597    -772.855     3.12536       0.422
     4700000           3    0.175931    -775.027     2.59564    0.403154
     4800000           2     2.10397    -786.952       1.002      0.3635
     4900000           7     3.34285    -769.541     5.55716       0.407
     5000000           4   -0.679059    -773.659     3.72435       0.401
     5100000           3     2.54172    -772.013     1.16698       0.368
     5200000           4     2.57919    -778.687     0.44693       0.436
     5300000           3    -5.37467    -781.289     5.30589       0.411
     5400000           4     1.30448    -777.971     2.09505        0.39
     5500000           5   -0.737166    -766.344     4.33154    0.422571
     5600000           4    -1.70683    -770.103     5.64129       0.446
     5700000           4     2.30641    -771.834     3.74325      0.4442
     5800000           5    0.499101    -769.333     4.79562       0.435
     5900000           6    -4.81883    -769.627     4.45451        0.41
     6000000           7    -3.76373    -762.607     4.99316       0.429
     6100000           4     1.34154    -778.411     2.94079       0.416
     6200000           6     -2.4788    -769.462     3.02141       0.447
     6300000           3    -1.03688    -777.902     3.77618    0.377667
     6400000           8     2.25983    -764.795     3.94944        0.43
     6500000           5    0.659672    -765.057     6.05167      0.4238
     6600000           5     0.20066    -770.791     1.13893     0.42913
     6700000           1    0.973492    -787.695    0.686464        0.31
     6800000           5    0.550868     -776.91     3.66231       0.447
     6900000           4   -0.494323    -769.433      2.7148       0.388
     7000000           5      2.3962    -784.637     3.69125    0.415667
     7100000           4   0.0208753    -773.486    0.845249       0.367
     7200000           5     2.13489      -772.9     1.87058       0.405
     7300000           5     2.91245    -765.449     2.34661      0.3829
     7400000           4    -2.00865     -774.16     4.02925       0.425
     7500000           5     3.01192    -777.634     1.82221       0.411
     7600000           4    -1.18919    -781.907     2.11048       0.365
     7700000           5    0.391469    -781.403     3.34865       0.398
     7800000           3     1.34127    -777.301     3.05041       0.367
     7900000           3  -0.0191638     -777.69     1.77834       0.399
     8000000           7    -4.79262    -763.819      4.5374    0.424833
     8100000           6   -0.405417    -769.778     3.15691       0.432
     8200000           4   -0.485996    -776.732     2.49169      0.4324
     8300000           4   -0.625205    -775.428     2.26882      0.4148
     8400000           3     4.32719    -776.773    0.790276       0.353
     8500000           5   -0.908443    -777.275       5.221       0.399
     8600000           2   -0.388013     -782.05     1.04928       0.355
     8700000           5   0.0347821    -781.304     4.33346      0.3975
     8800000           3    -1.61287    -783.289      4.2375    0.402667
     8900000           3   -0.507241    -779.431     3.12845       0.397
     9000000           4     -1.9768    -781.243     6.14984       0.403
     9100000           4    0.343349    -779.355     3.28086       0.383
     9200000           2   -0.273875    -785.048     2.24854       0.381
     9300000           2  -0.0887859    -781.944     3.47552       0.396
     9400000           5    -1.35438    -771.438     6.81735    0.429667
     9500000           5     1.44726    -768.267     2.72289       0.419
     9600000           2     1.01526    -780.926    0.991561       0.437
     9700000           4   0.0490002     -769.74     1.93148       0.401
     9800000           4      1.4702    -772.235     4.41079    0.403556
     9900000           2   -0.693009    -794.302     4.83865       0.382
    10000000           2   -0.752934    -782.371     1.80696       0.415
    10100000           5    -1.73242    -771.491     7.30126       0.424
    10200000           5     3.23648    -775.832     1.78261    0.422125
    10300000           5   -0.771492    -768.982     1.64204       0.418
    10400000           4    -1.38221    -771.682     1.84058       0.426
    10500000           2    0.654519    -781.003     1.93077       0.415
    10600000           2    0.777505      -782.2     1.13535    0.410818
    10700000           4   -0.219631    -768.197      4.4822    0.397333
    10800000           6  -0.0526291    -772.783     5.70661       0.406
    10900000           5     1.04245    -770.848     3.86606       0.397
    11000000           5    -4.57007    -771.937      3.1071       0.407
    11100000           2    0.339387    -781.839     1.41235       0.385
    11200000           3     1.20556    -777.513     1.89023    0.410714
    11300000           4     1.95343    -770.509     2.13946    0.384143
    11400000           3    -2.62119    -785.614      1.0871      0.4412
    11500000           6     -9.3527    -770.584     6.15834    0.428667
    11600000           3      2.8973    -775.161     1.93716      0.3744
    11700000           4    -3.88235    -779.828     2.57244       0.408
    11800000           4   -0.599454    -769.353     2.54731       0.393
    11900000           4     2.03083    -773.178     4.06061      0.4275
    12000000           6     1.84505    -773.348      2.8406       0.415
    12100000           4  -0.0633122    -771.044     4.22785      0.4164
    12200000           4     1.13135    -769.599      2.2992       0.409
    12300000           5    -5.00357    -766.613     3.91453       0.433
    12400000           4    -1.00805    -771.425      4.0907     0.42325
    12500000           4     2.11461    -773.432     3.86243       0.397
    12600000           4   -0.289617    -774.854     2.63183    0.409571
    12700000           3    0.260747    -776.239     3.10074       0.399
    12800000           5    -4.87285    -781.989     1.63219       0.428
    12900000           3      2.4709    -777.247     1.23716       0.362
    13000000           3    -5.40576    -780.409     4.99011     0.41075
    13100000           3   -0.936543    -777.389     4.80841        0.41
    13200000           5    -1.89081    -767.943     8.40962       0.406
    13300000           4   0.0809003    -774.533     2.11736       0.368
    13400000           5    -6.19343    -777.871     3.52889    0.433286
    13500000           8     3.63362    -768.413     5.88283     0.42975
    13600000           7     5.84041    -776.043      4.2993    0.407125
    13700000           6     3.74798    -770.084     1.83461       0.409
    13800000           5      1.5328    -784.763     3.40164       0.413
    13900000           3      1.5048     -774.32     4.29157        0.37
    14000000           5     1.33339    -768.317     2.81134    0.414667
    14100000           2    -1.60164    -787.646     1.02121       0.394
    14200000           3     1.24125    -779.351     2.75828        0.44
    14300000           5    0.764848    -768.438     1.30262       0.431
    14400000           5    0.573752    -770.786     4.90699      0.4175
    14500000           6     1.46712    -767.407      5.1725       0.442
    14600000           7      1.5081    -771.687     1.56526       0.459
    14700000           3     4.07815    -779.656     1.52186    0.385875
    14800000           4    -7.51297    -768.582     2.28543    0.417778
    14900000           5    -0.18307    -771.069     7.31737     0.44075
    15000000           5   -0.686023    -781.009       4.939      0.4285
    15100000           4   -0.721816    -766.584     3.35359        0.36
    15200000           4     2.14159    -780.945     2.63656      0.4035
    15300000           3     1.68845    -776.642    0.791753      0.3945
    15400000           3    -1.00171    -772.967     2.32223       0.429
    15500000           5    -2.56066     -776.77     6.38736       0.391
    15600000           5    0.595193    -767.899     5.58409       0.445
    15700000           2    0.137188    -780.513     1.82621    0.415167
    15800000           5    0.745766    -778.741     3.30411    0.412889
    15900000           5     2.95064    -772.894     4.94284       0.443
    16000000           6   -0.500076    -771.245     7.73825       0.395
    16100000           4    -2.97468     -781.54     2.85336       0.396
    16200000           5     1.02215    -773.532     4.34977       0.396
    16300000           2    0.166849     -783.82     2.91314    0.407667
    16400000           6    0.774431      -769.8      1.6636       0.412
    16500000           8    -4.25405    -769.935     6.11533    0.421444
    16600000           4    0.572681    -771.686     2.87308       0.419
    16700000           4    -1.39597     -774.82     3.71964    0.401375
    16800000           5      2.7383    -772.047     3.48797       0.409
    16900000           3    -1.47681    -775.987     2.17486       0.396
    17000000           5    -2.50003    -769.894     3.59408       0.422
    17100000           5    -1.62549    -772.906     3.71643       0.355
    17200000           3   -0.969672    -782.198     2.70587    0.393667
    17300000           3    -2.61791    -778.682     1.58002       0.421
    17400000           5     0.31872    -774.314     2.25998    0.439786
    17500000           3    -4.08484    -777.316    0.964642       0.417
    17600000           2    -4.72496    -781.413     1.35046    0.416875
    17700000           2    0.327086    -786.775    0.901108       0.399
    17800000           4     2.80375    -771.715     3.31463       0.371
    17900000           5    -3.88468     -764.91     6.73842       0.388
    18000000           6     -5.4459    -769.971     2.02546       0.422
    18100000           4   -0.607146    -779.943     3.38474       0.405
    18200000           4     1.99705    -775.343      1.6207       0.442
    18300000           5    0.986688     -768.48     3.97634    0.396037
    18400000           4    0.373613    -771.907     5.44092    0.438556
    18500000           5    0.306291    -768.517     5.50009      0.4245
    18600000           2    0.183278    -779.665     1.44185       0.428
    18700000           4     1.93791     -776.34     1.78029       0.377
    18800000           4     2.18716     -775.26    0.778796    0.428667
    18900000           5     3.21012    -773.154     2.54322       0.443
    19000000           3    -2.74283    -781.006     4.78804       0.427
    19100000           4     1.95405    -773.416     2.60111       0.413
    19200000           5    -4.35373    -766.755     4.88186       0.411
    19300000           2   -0.363344    -782.102      2.1439       0.391
    19400000           3    0.215478    -780.929     1.83764        0.43
    19500000           3    0.507558    -781.799     3.26195       0.436
    19600000           2      1.3077    -788.322     1.27891       0.399
    19700000           3    0.655727    -774.254     2.23273       0.399
    19800000           2    0.315308    -785.106     1.65677       0.399
    19900000           6  -0.0826059    -771.223      3.7455      0.4325
